Access denied for user 'root'@'localhost' (using password: YES)
MySQL server has gone away
Judging solution 1001
Judging solution 1002
<<=sid=1002===clientid=1==>>

<<=sid=1001===clientid=0==>>

compile error
compile error
<<2done!>>
Judging solution 1001
<<=sid=1001===clientid=0==>>

compile error
<<1done!>>
Judging solution 1001
<<=sid=1001===clientid=0==>>

compile error
<<1done!>>
Judging solution 1001
<<=sid=1001===clientid=0==>>

compile error
<<1done!>>
Judging solution 1001
<<=sid=1001===clientid=0==>>

compile error
<<1done!>>
Judging solution 1001
<<=sid=1001===clientid=0==>>

compile error
<<1done!>>
Judging solution 1001
<<=sid=1001===clientid=0==>>

compile error
<<1done!>>
Judging solution 1001
<<=sid=1001===clientid=0==>>

Judging solution 1001
<<=sid=1001===clientid=0==>>

compile error
<<1done!>>
Judging solution 1001
<<=sid=1001===clientid=0==>>

Judging solution 1001
<<=sid=1001===clientid=0==>>

compile error
<<1done!>>
Judging solution 1001
<<=sid=1001===clientid=0==>>

compile error
<<1done!>>
Judging solution 1001
<<=sid=1001===clientid=0==>>

compile error
<<1done!>>
Judging solution 1001
<<=sid=1001===clientid=0==>>

compile error
<<1done!>>
Judging solution 1001
<<=sid=1001===clientid=0==>>

Judging solution 1001
<<=sid=1001===clientid=0==>>

compile error
<<1done!>>
Judging solution 1001
<<=sid=1001===clientid=0==>>

compile error
<<1done!>>
Judging solution 1001
<<=sid=1001===clientid=0==>>

compile error
<<1done!>>
Judging solution 1001
<<=sid=1001===clientid=0==>>

compile error
<<1done!>>
Judging solution 1001
<<=sid=1001===clientid=0==>>

compile error
<<1done!>>
Judging solution 1001
<<=sid=1001===clientid=0==>>

Judging solution 1001
<<=sid=1001===clientid=0==>>

compile error
<<1done!>>
Judging solution 1001
<<=sid=1001===clientid=0==>>

compile error
<<1done!>>
Judging solution 1001
<<=sid=1001===clientid=0==>>

compile error
<<1done!>>
Judging solution 1001
<<=sid=1001===clientid=0==>>

compile error
<<1done!>>
Judging solution 1001
<<=sid=1001===clientid=0==>>

compile error
<<1done!>>
Judging solution 1001
<<=sid=1001===clientid=0==>>

compile error
<<1done!>>
Judging solution 1001
<<=sid=1001===clientid=0==>>

Judging solution 1001
<<=sid=1001===clientid=0==>>

compile error
<<1done!>>
Judging solution 1001
<<=sid=1001===clientid=0==>>

Judging solution 1001
<<=sid=1001===clientid=0==>>

compile error
<<1done!>>
Judging solution 1001
<<=sid=1001===clientid=0==>>

compile error
<<1done!>>
Judging solution 1001
<<=sid=1001===clientid=0==>>

compile error
<<1done!>>
Judging solution 1001
<<=sid=1001===clientid=0==>>

No such dir:/home/OnlineJudge/data/1000!

<<1done!>>
Judging solution 1001
<<=sid=1001===clientid=0==>>

compile error
<<1done!>>
Judging solution 1001
<<=sid=1001===clientid=0==>>

compile error
<<1done!>>
Judging solution 1001
<<=sid=1001===clientid=0==>>

compile error
<<1done!>>
Judging solution 1001
<<=sid=1001===clientid=0==>>

compile error
<<1done!>>
Judging solution 1001
<<=sid=1001===clientid=0==>>

compile error
<<1done!>>
Judging solution 1001
<<=sid=1001===clientid=0==>>

No such dir:/home/OnlineJudge/data/1000!

<<1done!>>
Judging solution 1001
<<=sid=1001===clientid=0==>>

result=4
<<1done!>>
Judging solution 1001
<<=sid=1001===clientid=0==>>

result=4
<<1done!>>
Judging solution 1001
<<=sid=1001===clientid=0==>>

result=4
<<1done!>>
Judging solution 1001
<<=sid=1001===clientid=0==>>

result=4
<<1done!>>
Judging solution 1001
<<=sid=1001===clientid=0==>>

result=4
<<1done!>>
Judging solution 1001
<<=sid=1001===clientid=0==>>

Judging solution 1001
<<=sid=1001===clientid=0==>>

init_call_counter:0
result=10
<<1done!>>
Judging solution 1001
<<=sid=1001===clientid=0==>>

init_call_counter:0
result=10
<<1done!>>
Judging solution 1001
<<=sid=1001===clientid=0==>>

init_call_counter:0
result=10
<<1done!>>
Judging solution 1001
<<=sid=1001===clientid=0==>>

init_call_counter:0
result=10
<<1done!>>
Judging solution 1001
<<=sid=1001===clientid=0==>>

init_call_counter:0
result=10
<<1done!>>
Judging solution 1001
<<=sid=1001===clientid=0==>>

init_call_counter:0
result=10
<<1done!>>
Judging solution 1001
<<=sid=1001===clientid=0==>>

init_call_counter:0
result=10
<<1done!>>
Judging solution 1001
<<=sid=1001===clientid=0==>>

init_call_counter:0
result=10
<<1done!>>
Judging solution 1001
<<=sid=1001===clientid=0==>>

init_call_counter:0
result=10
<<1done!>>
Judging solution 1001
<<=sid=1001===clientid=0==>>

init_call_counter:0
result=10
<<1done!>>
Judging solution 1001
<<=sid=1001===clientid=0==>>

init_call_counter:0
result=10
<<1done!>>
Judging solution 1001
<<=sid=1001===clientid=0==>>

init_call_counter:0
result=10
<<1done!>>
Judging solution 1001
<<=sid=1001===clientid=0==>>

init_call_counter:0
result=10
<<1done!>>
Judging solution 1001
<<=sid=1001===clientid=0==>>

init_call_counter:0
result=10
<<1done!>>
Judging solution 1001
<<=sid=1001===clientid=0==>>

init_call_counter:0
result=10
<<1done!>>
Judging solution 1001
<<=sid=1001===clientid=0==>>

compile error
<<1done!>>
Judging solution 1001
<<=sid=1001===clientid=0==>>

compile error
<<1done!>>
Judging solution 1001
<<=sid=1001===clientid=0==>>

compile error
<<1done!>>
Judging solution 1001
<<=sid=1001===clientid=0==>>

compile error
<<1done!>>
Judging solution 1001
<<=sid=1001===clientid=0==>>

compile error
<<1done!>>
Judging solution 1001
<<=sid=1001===clientid=0==>>

compile error
<<1done!>>
Judging solution 1001
<<=sid=1001===clientid=0==>>

compile error
<<1done!>>
Judging solution 1001
<<=sid=1001===clientid=0==>>

compile error
<<1done!>>
Judging solution 1001
<<=sid=1001===clientid=0==>>

compile error
<<1done!>>
Judging solution 1001
<<=sid=1001===clientid=0==>>

compile error
<<1done!>>
Judging solution 1001
<<=sid=1001===clientid=0==>>

compile error
<<1done!>>
Judging solution 1001
<<=sid=1001===clientid=0==>>

compile error
<<1done!>>
Judging solution 1001
<<=sid=1001===clientid=0==>>

compile error
<<1done!>>
Judging solution 1001
<<=sid=1001===clientid=0==>>

init_call_counter:0
result=10
<<1done!>>
Judging solution 1001
<<=sid=1001===clientid=0==>>

init_call_counter:0
result=10
<<1done!>>
Judging solution 1001
<<=sid=1001===clientid=0==>>

init_call_counter:0
result=10
<<1done!>>
Judging solution 1001
<<=sid=1001===clientid=0==>>

init_call_counter:0
result=10
<<1done!>>
Judging solution 1001
<<=sid=1001===clientid=0==>>

init_call_counter:0
result=10
<<1done!>>
Judging solution 1001
<<=sid=1001===clientid=0==>>

Judging solution 1001
<<=sid=1001===clientid=0==>>

init_call_counter:0
result=4
<<1done!>>
Judging solution 1001
<<=sid=1001===clientid=0==>>

init_call_counter:0
result=4
<<1done!>>
Judging solution 1001
<<=sid=1001===clientid=0==>>

Judging solution 1001
<<=sid=1001===clientid=0==>>

init_call_counter:0
init_call_counter:0
init_call_counter:0
init_call_counter:0
init_call_counter:0
init_call_counter:0
init_call_counter:0
init_call_counter:0
init_call_counter:0
init_call_counter:0
result=4
<<1done!>>
Judging solution 1001
<<=sid=1001===clientid=0==>>

compile error
<<1done!>>
Judging solution 1001
<<=sid=1001===clientid=0==>>

init_call_counter:0
init_call_counter:0
init_call_counter:0
init_call_counter:0
init_call_counter:0
init_call_counter:0
init_call_counter:0
init_call_counter:0
init_call_counter:0
init_call_counter:0
result=4
<<1done!>>
