7
0
1
1
0
1
0
0
1
0
4
1
1
0
1
0
0
0
0
1
58
0
1
0
0
0
0
1
0
1
1
0
1
0
1
0
50
17
1
0
0
1
1
1
0
0
8
0
0
0
0
3
0
0
0
0
5
0
0
0
37
35
0
5
0
0
1
0
0
0
0
0
1
0
68
1
49
0
0
0
0
225
0
0
1
0
0
0
0
1
0
0
0
0
4
0
0
0
0
2
0
1
224
0
0
0
0
1
0
0
1
1
0
0
0
0
76
0
9
0
1
3
0
0
0
1
1
0
0
0
0
0
1
0
80
0
0
0
42
0
0
1
0
6
1
2
0
0
1
0
13
0
0
0
0
117
66
157
0
0
1
0
135
0
0
0
0
0
1
0
0
0
0
0
0
0
62
0
0
1
0
0
0
0
0
0
0
1
0
0
0
0
0
0
0
8
0
5
0
0
9
181
0
0
112
1
0
1
1
1
114
0
158
0
0
7
1
1
0
0
1
0
0
0
1
0
0
1
0
6
0
1
0
154
0
0
0
1
1
0
0
0
1
1
0
0
0
6
1
0
1
0
0
0
0
0
208
0
7
0
2
1
0
113
1
6
30
0
1
85
1
0
0
0
2
0
1
151
1
0
0
0
111
1
0
0
0
0
5
0
1
0
0
0
0
0
44
0
8
16
0
0
0
0
0
0
10
0
1
0
238
1
0
0
0
1
1
0
0
0
0
0
1
1
0
0
0
0
7
0
1
1
2
0
0
70
0
26
0
90
0
0
0
0
4
10
0
2
0
0
0
0
1
1
0
1
0
0
1
0
0
0
0
0
0
0
12
0
0
0
0
4
0
0
1
1
0
0
0
1
1
0
0
0
0
1
0
0
0
3
0
0
1
1
0
1
93
1
143
1
1
75
0
4
0
0
0
0
0
1
1
0
0
0
0
0
0
3
0
0
1
0
27
0
0
1
0
1
303
1
0
0
0
0
0
0
0
216
0
0
0
1
1
12
1
22
0
182
0
0
0
0
0
0
0
0
31
1
1
28
0
0
1
1
0
0
0
1
0
0
0
0
55
166
0
0
3
1
0
0
1
0
0
1
1
0
0
1
0
0
0
0
0
0
1
0
10
319
1
1
1
0
71
0
0
5
0
0
6
0
0
186
1
0
0
0
19
0
1
1
7
0
0
0
1
0
1
0
1
0
0
0
0
148
1
0
0
12
2
0
0
17
0
0
0
0
0
0
33
1
4
0
7
6
0
0
0
1
2
0
60
0
1
0
0
0
1
0
8
227
0
91
1
0
260
0
0
0
0
1
0
1
0
0
0
0
0
9
0
171
0
1
0
184
0
0
129
0
0
1
0
0
0
0
0
1
0
0
0
1
0
66
0
1
0
0
0
0
0
0
0
0
0
0
0
0
0
0
1
1
0
1
0
0
1
0
5
0
1
0
0
0
3
0
99
0
0
0
0
0
0
1
0
1
0
7
1
4
0
0
0
0
1
0
1
1
1
0
1
151
1
0
1
0
0
0
145
0
0
1
0
2
0
1
1
0
0
0
0
0
1
1
1
60
0
0
0
0
0
0
0
0
1
0
1
0
0
1
0
1
0
0
1
0
0
0
0
0
1
10
0
0
1
0
4
0
0
210
1
0
0
0
29
1
0
0
0
0
0
1
1
0
0
0
0
4
1
0
1
0
1
0
0
1
0
0
0
2
239
0
0
0
1
1
0
0
0
1
0
1
0
124
1
0
0
0
0
0
1
1
0
1
0
1
0
1
0
103
1
153
0
1
67
11
0
2
0
0
0
0
0
0
1
1
0
172
190
0
0
0
1
1
0
0
0
0
0
18
0
2
1
0
9
0
0
0
1
2
1
0
0
0
0
10
1
6
0
0
0
51
0
0
0
0
0
0
0
0
164
0
2
11
0
0
1
1
0
0
294
0
0
0
1
9
0
0
0
1
0
0
0
1
0
0
0
0
0
1
198
31
0
1
0
1
1
0
0
0
0
0
0
0
0
0
0
0
0
0
0
0
1
1
0
0
0
12
0
1
0
1
0
0
1
0
0
0
0
1
0
0
0
0
0
0
15
1
0
0
0
1
0
1
0
1
5
0
1
1
1
99
0
0
19
0
1
0
1
2
2
0
0
0
9
0
0
0
1
264
1
0
0
0
4
0
1
0
10
1
1
23
0
0
0
230
11
0
0
0
0
0
0
0
0
1
0
55
0
1
53
0
0
1
0
0
0
0
0
0
2
0
1
0
0
59
2
0
2
104
1
0
5
0
0
1
0
0
1
1
0
0
0
0
0
0
187
0
0
1
0
0
1
0
1
0
0
81
0
0
1
0
0
1
5
1
4
1
1
0
0
0
0
0
1
24
0
35
3
3
1
1
5
0
0
0
0
3
1
0
0
0
0
0
1
0
1
0
0
0
1
27
0
5
1
0
0
0
0
0
0
0
1
0
4
7
0
0
0
0
0
0
0
0
1
156
0
0
1
1
0
0
194
100
0
1
0
1
0
0
0
1
0
1
0
0
0
157
0
0
0
0
0
0
0
91
0
40
0
0
1
1
7
0
1
0
0
0
0
0
44
0
0
0
196
0
0
4
6
1
0
0
0
0
0
1
0
1
0
1
0
0
0
1
0
0
0
65
0
1
0
0
0
86
79
138
0
0
0
8
167
102
1
145
0
0
1
0
0
0
0
1
0
1
2
82
75
0
153
137
8
0
11
0
0
0
0
0
0
1
0
0
0
0
0
0
0
0
0
3
0
0
163
1
0
1
0
0
0
0
0
0
0
2
1
218
0
0
5
1
0
145
0
1
1
56
23
1
0
1
0
0
0
0
21
0
6
0
0
0
0
1
0
137
1
1
0
18
0
0
86
0
5
0
0
0
0
0
0
0
0
0
0
4
0
0
0
0
1
1
0
0
4
0
1
0
1
0
0
4
1
1
2
117
1
218
0
0
6
167
0
9
0
0
1
86
2
0
0
0
0
1
0
1
0
0
0
1
0
0
108
0
0
0
1
0
0
22
0
0
9
38
0
0
0
5
0
41
0
0
0
0
0
0
0
1
0
1
0
0
0
0
0
0
1
0
1
0
0
0
0
1
7
0
0
0
0
0
0
0
0
0
1
1
0
0
0
0
0
0
0
1
0
0
0
0
0
0
0
0
0
0
191
4
1
0
0
0
1
1
0
0
1
0
0
0
0
0
4
1
1
0
0
1
0
0
0
1
1
1
5
0
36
1
1
0
252
0
0
0
1
0
122
0
38
3
0
2
0
0
0
0
0
1
53
0
0
0
1
0
0
0
0
1
2
1
0
0
1
1
0
0
0
64
0
0
38
59
0
0
1
0
0
4
1
1
0
0
0
9
1
4
0
0
0
1
0
0
1
0
1
0
98
0
22
0
17
0
0
116
0
0
0
10
0
0
6
0
0
0
0
0
1
0
0
71
0
1
0
0
0
0
0
0
0
0
0
0
72
5
0
1
0
47
119
1
3
0
2
2
0
1
0
0
0
0
0
1
15
10
1
0
1
1
0
0
0
1
0
0
0
0
0
0
1
0
0
92
0
0
0
1
4
4
96
0
87
0
0
25
2
1
0
0
1
0
0
1
0
0
0
0
0
106
0
0
0
0
1
0
9
0
0
0
1
0
0
0
0
0
0
0
0
40
1
0
1
2
2
0
0
0
0
0
0
0
0
1
1
1
0
9
1
0
4
1
1
0
0
0
1
168
0
0
0
0
0
0
0
15
0
0
1
0
0
0
1
1
0
0
0
0
132
0
0
0
0
0
0
145
0
0
11
0
146
0
0
1
2
1
0
0
0
0
0
1
0
0
0
0
0
0
0
3
0
0
0
0
0
0
1
0
0
0
6
0
0
0
282
0
26
1
1
1
0
136
0
12
0
1
0
0
1
0
0
1
0
1
1
112
0
0
1
0
4
0
2
57
103
0
187
2
0
3
71
12
1
0
1
0
1
5
0
0
0
0
0
0
0
1
0
1
0
0
59
0
1
0
4
0
0
0
0
0
0
0
1
11
0
0
0
0
0
1
0
0
0
0
0
0
1
1
0
11
0
0
1
1
0
0
0
0
0
0
116
3
0
0
1
0
0
35
1
1
1
1
1
1
6
0
196
0
0
0
0
2
89
0
0
0
0
0
0
0
115
3
108
0
1
7
1
1
1
1
0
0
1
0
0
0
1
1
2
1
0
0
3
0
0
109
0
1
1
0
1
0
0
0
17
0
0
1
79
1
0
1
1
128
0
0
13
0
0
0
0
139
1
0
0
1
0
1
0
0
0
1
0
0
1
0
0
0
0
0
0
0
0
0
0
0
0
81
0
1
27
0
0
0
1
69
0
0
0
0
0
0
0
4
0
1
0
0
0
1
0
0
0
0
0
1
1
0
8
0
1
0
0
1
0
0
0
0
1
1
0
0
0
1
0
0
0
0
0
0
1
5
1
1
245
1
3
0
1
1
1
1
0
0
0
0
0
0
0
1
0
0
0
0
0
7
0
0
6
7
0
1
7
0
0
0
0
1
1
0
1
0
0
1
0
15
3
1
214
3
0
3
1
3
0
0
0
7
1
1
0
0
0
1
1
0
0
108
0
3
0
10
1
0
0
1
230
1
1
0
0
0
0
2
0
0
0
1
0
0
0
0
1
0
0
0
0
0
0
0
0
155
0
0
151
0
3
0
0
72
1
1
0
1
1
1
0
107
117
28
0
0
0
0
1
0
0
0
0
0
0
1
0
0
0
0
0
0
1
1
1
0
3
85
0
160
0
1
0
0
0
7
2
0
0
0
0
2
1
0
0
0
1
0
1
0
1
0
0
0
0
0
0
1
0
0
0
0
4
0
7
0
0
0
1
0
0
0
1
0
0
0
0
1
90
0
0
81
0
0
0
1
0
0
0
0
0
18
1
1
0
1
1
1
0
0
0
6
16
0
1
5
3
1
0
0
0
0
0
0
1
102
19
166
0
0
0
8
3
0
0
0
0
6
0
0
0
0
0
0
0
0
0
0
0
1
26
1
1
1
6
0
1
0
1
0
98
0
0
1
0
0
1
0
0
1
0
1
0
0
0
1
0
1
0
0
0
0
0
0
84
0
0
0
0
0
0
1
112
0
0
0
0
0
0
0
0
1
43
0
1
1
1
0
0
0
0
0
0
5
0
0
1
1
0
0
1
0
2
1
0
5
1
0
79
0
0
0
0
173
0
1
149
0
0
0
0
0
0
0
0
0
5
1
6
0
5
4
0
0
1
0
1
1
0
0
4
0
0
0
1
0
1
0
0
0
1
0
0
1
1
0
0
7
2
0
0
1
0
1
0
1
0
1
2
0
1
0
0
0
0
2
2
0
0
2
0
0
32
1
1
1
0
0
1
0
1
0
0
0
0
0
0
55
0
0
0
0
0
0
0
1
0
0
0
1
0
0
0
13
1
0
0
0
0
1
0
0
8
208
0
0
0
0
0
160
0
0
0
0
1
1
157
3
0
0
0
5
1
10
0
0
0
0
0
7
1
0
0
0
0
38
0
5
7
0
21
1
3
3
1
0
1
0
0
0
0
0
0
0
0
3
0
0
0
0
170
0
0
0
2
1
0
0
193
0
1
0
0
1
0
0
0
0
0
0
1
1
0
0
0
0
0
1
0
0
1
0
0
1
0
0
0
114
0
1
0
0
1
0
1
1
0
0
5
0
0
0
0
0
0
1
1
0
0
0
1
0
85
0
0
0
1
0
0
0
0
0
0
91
1
0
0
0
27
87
0
0
0
1
1
0
0
0
0
0
0
0
0
0
0
0
1
0
1
0
0
1
1
0
0
0
1
0
0
68
0
0
0
0
1
0
1
0
0
0
0
0
62
1
1
0
0
0
186
1
0
0
0
29
0
0
0
0
1
0
0
0
1
0
0
0
0
0
0
1
0
170
29
1
0
1
0
0
0
0
0
0
0
3
0
1
0
293
0
0
0
0
0
1
3
0
0
0
0
0
24
0
0
3
0
0
1
1
0
0
3
0
23
3
0
1
1
0
2
1
1
1
0
22
0
92
1
0
134
12
1
1
2
39
0
1
1
0
1
0
0
0
0
1
0
1
1
1
0
0
227
0
0
10
1
0
0
0
0
0
4
0
0
0
0
42
1
1
0
1
1
1
0
0
0
0
0
0
0
0
0
4
0
1
3
1
0
0
0
0
9
0
81
6
0
0
0
0
0
3
0
0
1
0
0
0
0
0
125
0
0
0
0
0
0
0
0
83
0
2
1
0
0
0
0
0
1
1
0
1
0
0
0
0
0
0
0
57
0
71
1
143
1
1
0
0
1
0
0
1
6
1
0
0
1
0
0
0
0
2
124
6
1
1
1
0
0
0
3
1
0
0
1
11
0
63
0
0
0
0
0
0
1
1
1
1
0
1
1
0
0
34
0
0
0
0
0
0
0
1
0
1
84
1
34
0
0
0
0
0
0
6
1
1
0
0
0
79
0
0
1
0
1
0
1
0
0
0
1
2
1
6
1
0
0
68
1
0
2
0
0
1
215
0
129
22
0
0
0
0
0
0
1
0
1
0
1
41
0
0
7
181
0
0
0
0
0
1
0
0
0
0
0
1
0
109
0
1
0
0
63
0
1
0
0
0
1
0
1
0
6
0
0
1
0
0
0
4
1
188
0
0
1
0
0
1
0
1
1
1
1
0
0
109
0
11
2
0
9
0
0
1
0
0
0
0
0
2
0
152
0
0
