1
0
0
1
0
6
1
0
0
0
1
0
0
1
0
0
0
1
1
0
3
0
1
0
0
1
13
2
1
0
1
2
0
9
3
0
0
0
1
2
0
1
1
0
15
27
0
1
0
0
1
0
1
1
1
0
3
0
1
0
0
0
1
0
5
0
0
0
5
1
1
6
2
1
0
10
0
0
0
1
0
1
5
0
0
0
0
0
0
1
6
1
12
1
0
1
0
1
0
1
28
0
0
12
0
15
0
0
0
0
0
0
1
0
0
0
0
0
1
3
17
5
0
4
0
12
20
0
17
1
0
0
3
6
1
0
0
0
1
3
0
1
0
20
1
0
0
1
0
1
0
0
0
22
2
14
3
1
1
1
0
0
0
0
2
0
0
13
1
6
0
0
0
0
0
0
0
6
0
0
0
0
1
0
0
0
2
0
0
0
5
0
0
1
0
1
0
0
1
0
0
0
0
0
0
0
4
0
17
0
1
0
0
0
0
2
11
2
0
0
9
1
1
1
1
7
9
0
2
0
1
0
0
0
6
0
36
9
1
0
0
0
0
0
0
0
0
0
3
0
1
0
1
0
1
1
0
0
2
12
0
0
1
0
1
0
0
0
0
0
5
5
10
0
0
0
0
0
19
0
1
0
0
1
14
1
0
0
0
0
1
0
0
0
0
1
1
1
0
1
0
1
2
1
0
0
18
1
1
0
1
2
0
0
1
0
1
1
4
0
0
0
0
0
1
0
0
1
23
14
0
0
0
0
7
30
0
7
0
32
0
1
0
38
18
0
0
1
1
0
1
1
4
0
1
0
1
0
1
20
15
0
13
0
0
0
0
0
0
1
0
2
0
1
0
24
20
0
1
0
0
2
1
0
0
1
0
0
0
0
0
0
0
1
8
1
0
0
0
0
0
0
0
0
3
2
1
6
0
1
0
0
0
0
1
0
9
1
1
1
13
2
6
0
0
0
0
0
0
1
0
0
2
1
1
3
0
1
0
33
1
0
0
0
0
0
0
2
1
0
0
1
18
0
0
1
0
1
1
0
0
1
0
1
0
0
0
0
1
0
1
1
1
31
1
1
4
1
0
33
1
1
0
0
0
0
0
0
1
3
0
3
13
16
0
0
1
0
7
0
