932630923 933573531
28950041 31687280
661412785 666033278
31709392 33424693
843724846 844031551
15978252 19494348
873673190 876015332
276249383 276448046
229577700 234273531
640272970 644497938
982488039 986153422
722795135 724979248
686508401 687300965
378445890 378556779
322921538 324789585
693568801 694045697
815225605 818003665
281375585 285137746
200032475 204384426
132726856 137118757
413307712 417186006
941047885 941370573
126945033 128326616
364471577 367242457
716330958 719415098
615706672 616887903
78231463 81497699
1 1905754
62815486 67551635
541565899 542699112
146438954 150942981
1905755 4421281
4421282 8165132
488026262 492452190
549758716 550475501
333886292 337768074
27754339 28324577
602783181 602845409
170844296 174375932
666393519 669176612
906681536 907129374
834643863 836605994
657606644 658404266
758382984 762362455
45646662 47038177
442647774 446434102
273311354 275581602
805182750 806814717
8165133 13143460
918371154 921361216
958720443 960283097
913981674 915369939
359618848 360937238
297465163 302164222
484268661 485080776
769521798 773359195
831386937 831805984
518210422 521404970
529467572 529602958
296282130 297154483
461200798 466157169
166357789 168833097
314728850 318177493
83138431 86137047
94108882 96107110
73180557 74223590
19494349 22967802
347383842 351392300
216464272 217545997
387584127 387997252
22967803 26534297
589759190 593627944
857005696 857306677
401292661 401889445
101207851 103898081
409318694 409346088
305460991 309720981
752205797 753102150
13143461 13205638
542878651 545510676
338854458 341576772
506426455 510831986
186957626 187038435
850830807 854411513
923878753 926712926
33424694 38416715
563517785 563879164
432959025 435475838
287916348 291865407
13205639 15181735
328379017 332087434
220061563 224185551
53276886 56024485
38416716 43362362
456804806 457376659
15181736 15602339
669310507 671267302
958186840 958602444
43362363 44706176
605177221 607810926
882687077 886942039
26534298 27413155
859969969 864108414
47038178 48436424
48436425 52531806
681092910 683891955
106191539 109380357
56024486 59336938
59336939 60335495
67551636 70837869
848064706 850031098
551678862 555015147
60335496 61635237
354264564 356414163
121307196 122471295
74223591 77890381
183204349 186778205
241008845 244424386
702890664 703524484
44706177 45512690
710330829 712887259
501020891 501304255
901255532 905087035
86137048 90492171
96107111 100161863
90492172 94093612
254265297 255746379
236244097 236481948
109380358 111817790
111817791 116048088
116048089 120508551
137118758 141990525
627489646 630027158
122471296 125532295
28324578 28939126
15602340 15870935
909720266 912482057
150942982 155482449
128326617 130821310
70837870 72540018
162282086 162585452
452462345 452997092
141990526 145828020
103898082 105581026
631563904 633452892
618306242 621038572
61635238 62545581
27413156 27717767
636986389 637508496
263668402 268438227
155482450 157735612
781229307 782266793
157735613 160677143
419978513 420717294
466781322 467731673
162585453 165054274
174375933 177002158
522617406 523536623
52531807 53198707
855821556 856029805
177002159 179742302
179742303 182692158
81497700 83017324
732403894 736898302
187038436 191543585
15870936 15929632
637540802 638980712
191543586 196134974
130821311 132404909
100161864 100883585
196134975 198226221
125532296 126578854
974744405 978121448
594414686 595337680
204384427 208711200
168833098 170445384
208711201 212143030
212143031 214947443
671966823 672788536
217545998 219989561
391193709 395730465
999690314 1002374847
224185552 229180425
744370957 749296286
236481949 238745614
15929633 15930514
160677144 161776762
244424387 248119879
248119880 250769568
250769569 254040542
255746380 258831432
72540019 73020288
198226222 199948686
214947444 216252832
685423404 686230524
234273532 235900242
649607522 652971485
238745615 240815261
515191100 516921196
258831433 261095321
