1 5000000
5000001 10000000
10000001 15000000
15000001 20000000
20000001 25000000
25000001 30000000
30000001 35000000
35000001 40000000
40000001 45000000
45000001 50000000
50000001 55000000
55000001 60000000
60000001 65000000
65000001 70000000
70000001 75000000
75000001 80000000
80000001 85000000
85000001 90000000
90000001 95000000
95000001 100000000
100000001 105000000
105000001 110000000
110000001 115000000
115000001 120000000
120000001 125000000
125000001 130000000
130000001 135000000
135000001 140000000
140000001 145000000
145000001 150000000
150000001 155000000
155000001 160000000
160000001 165000000
165000001 170000000
170000001 175000000
175000001 180000000
180000001 185000000
185000001 190000000
190000001 195000000
195000001 200000000
200000001 205000000
205000001 210000000
210000001 215000000
215000001 220000000
220000001 225000000
225000001 230000000
230000001 235000000
235000001 240000000
240000001 245000000
245000001 250000000
250000001 255000000
255000001 260000000
260000001 265000000
265000001 270000000
270000001 275000000
275000001 280000000
280000001 285000000
285000001 290000000
290000001 295000000
295000001 300000000
300000001 305000000
305000001 310000000
310000001 315000000
315000001 320000000
320000001 325000000
325000001 330000000
330000001 335000000
335000001 340000000
340000001 345000000
345000001 350000000
350000001 355000000
355000001 360000000
360000001 365000000
365000001 370000000
370000001 375000000
375000001 380000000
380000001 385000000
385000001 390000000
390000001 395000000
395000001 400000000
400000001 405000000
405000001 410000000
410000001 415000000
415000001 420000000
420000001 425000000
425000001 430000000
430000001 435000000
435000001 440000000
440000001 445000000
445000001 450000000
450000001 455000000
455000001 460000000
460000001 465000000
465000001 470000000
470000001 475000000
475000001 480000000
480000001 485000000
485000001 490000000
490000001 495000000
495000001 500000000
500000001 505000000
505000001 510000000
510000001 515000000
515000001 520000000
520000001 525000000
525000001 530000000
530000001 535000000
535000001 540000000
540000001 545000000
545000001 550000000
550000001 555000000
555000001 560000000
560000001 565000000
565000001 570000000
570000001 575000000
575000001 580000000
580000001 585000000
585000001 590000000
590000001 595000000
595000001 600000000
600000001 605000000
605000001 610000000
610000001 615000000
615000001 620000000
620000001 625000000
625000001 630000000
630000001 635000000
635000001 640000000
640000001 645000000
645000001 650000000
650000001 655000000
655000001 660000000
660000001 665000000
665000001 670000000
670000001 675000000
675000001 680000000
680000001 685000000
685000001 690000000
690000001 695000000
695000001 700000000
700000001 705000000
705000001 710000000
710000001 715000000
715000001 720000000
720000001 725000000
725000001 730000000
730000001 735000000
735000001 740000000
740000001 745000000
745000001 750000000
750000001 755000000
755000001 760000000
760000001 765000000
765000001 770000000
770000001 775000000
775000001 780000000
780000001 785000000
785000001 790000000
790000001 795000000
795000001 800000000
800000001 805000000
805000001 810000000
810000001 815000000
815000001 820000000
820000001 825000000
825000001 830000000
830000001 835000000
835000001 840000000
840000001 845000000
845000001 850000000
850000001 855000000
855000001 860000000
860000001 865000000
865000001 870000000
870000001 875000000
875000001 880000000
880000001 885000000
885000001 890000000
890000001 895000000
895000001 900000000
900000001 905000000
905000001 910000000
910000001 915000000
915000001 920000000
920000001 925000000
925000001 930000000
930000001 935000000
935000001 940000000
940000001 945000000
945000001 950000000
950000001 955000000
955000001 960000000
960000001 965000000
965000001 970000000
970000001 975000000
975000001 980000000
980000001 985000000
985000001 990000000
990000001 995000000
995000001 1000000000
