522692116 522692199
589719489 589719976
662495181 662496141
915956552 915957021
683572975 683573245
498400137 498400616
327010963 327011143
200704287 200704653
810826488 810826541
978100746 978100953
345455616 345456601
106372142 106373017
446972337 446972378
309349333 309349532
93462198 93462740
167946793 167947110
325598940 325599366
121873339 121873797
174934933 174935530
279521023 279521677
739750520 739750522
870850765 870850956
622303167 622303566
471234786 471234848
805952711 805952728
349834333 349835189
804873364 804873665
512746562 512746600
533285962 533286522
996718586 996719079
