4340
77733
40445
6430
51115
32302
147399
102266
13571
1621
55401
7319
26848
89370
49304
120
111086
36439
34661
64642
6213
97367
4904
20796
35878
95367
31070
33475
158664
168359
23165
28190
58829
92609
4442
172743
7582
28867
140410
47369
98980
112862
4658
33963
38896
19255
16365
18255
3154
670
14826
4192
35364
99156
151430
16167
106088
47983
3811
89884
39
58506
1637
2395
7058
62895
103503
104846
129711
20103
146090
63532
46598
28767
59107
8766
9914
85503
68139
4189
34587
9642
11941
6860
14597
7285
104368
3192
165541
115297
96680
102713
1753
24241
79240
4397
105568
46815
2514
65634
