99800
564 565
1008 1009
1113 1114
1256 1257
1361 1362
1702 1703
1701 1704
1900 1901
1987 1988
2289 2290
2665 2666
2990 2991
3357 3358
3459 3460
3526 3527
3528 3529
3719 3720
4109 4110
4470 4471
4690 4691
4711 4712
4938 4939
5270 5271
5529 5530
5537 5538
5791 5792
5820 5821
5946 5947
6181 6182
6385 6386
6669 6670
6972 6973
7728 7729
7952 7953
8098 8099
8610 8611
8910 8911
8942 8943
9027 9028
9372 9373
9759 9760
9776 9777
9855 9856
9934 9935
10371 10372
10438 10439
10485 10486
10667 10668
10701 10702
10711 10712
10897 10898
11313 11314
11454 11455
11776 11777
11993 11994
12074 12075
12120 12121
12261 12262
12277 12278
12279 12280
12374 12375
12637 12638
12765 12766
12992 12993
13281 13282
13334 13335
13616 13617
13630 13631
14490 14491
14942 14943
15001 15002
15135 15136
15229 15230
15404 15405
15492 15493
15502 15503
15817 15818
15945 15946
16143 16144
16305 16306
16539 16540
16548 16549
16878 16879
16959 16960
16970 16971
17149 17150
17366 17367
17456 17457
17482 17483
17762 17763
17797 17798
17989 17990
18256 18257
18594 18595
18696 18697
18845 18846
19015 19016
19359 19360
19399 19400
19586 19587
19652 19653
20194 20195
20479 20480
20508 20509
20529 20530
20888 20889
21124 21125
21299 21300
21565 21566
21719 21720
21721 21722
21737 21738
21890 21891
22007 22008
22035 22036
22406 22407
22415 22416
22539 22540
22590 22591
22980 22981
23083 23084
23097 23098
23415 23416
23556 23557
23660 23661
23667 23668
23734 23735
23891 23892
23937 23938
24238 24239
24597 24598
24772 24773
24809 24810
25152 25153
25163 25164
25528 25529
25747 25748
26231 26232
26351 26352
26355 26356
26710 26711
26949 26950
27203 27204
27666 27667
27691 27692
27788 27789
27858 27859
28490 28491
28521 28522
28609 28610
28787 28788
29084 29085
29164 29165
29447 29448
29477 29478
29833 29834
30059 30060
30588 30589
30797 30798
30865 30866
31093 31094
31118 31119
31835 31836
31979 31980
32131 32132
32134 32135
32178 32179
32593 32594
32691 32692
32702 32703
32768 32769
33282 33283
33426 33427
33475 33476
33941 33942
34044 34045
34253 34254
34431 34432
34803 34804
35054 35055
35146 35147
35367 35368
35607 35608
35730 35731
36482 36483
36720 36721
36827 36828
37320 37321
37427 37428
37654 37655
38370 38371
38683 38684
39230 39231
39256 39257
39853 39854
39861 39862
39864 39865
39891 39892
40234 40235
40738 40739
40798 40799
40886 40887
41391 41392
41635 41636
42772 42773
43161 43162
43615 43616
43624 43625
43627 43628
43876 43877
44054 44055
44291 44292
44699 44700
44713 44714
44878 44879
44889 44890
44892 44893
44989 44990
45140 45141
45196 45197
45462 45463
45559 45560
45953 45954
46095 46096
46225 46226
46482 46483
46650 46651
46717 46718
47021 47022
47040 47041
47501 47502
48526 48527
48655 48656
48682 48683
48893 48894
49047 49048
49407 49408
49537 49538
49594 49595
49726 49727
49879 49880
50528 50529
50647 50648
50668 50669
50820 50821
51269 51270
51465 51466
51539 51540
51637 51638
51666 51667
51727 51728
51861 51862
51868 51869
51954 51955
52042 52043
52047 52048
52150 52151
52386 52387
52610 52611
52636 52637
52645 52646
52756 52757
52999 53000
53882 53883
54016 54017
54065 54066
54104 54105
54121 54122
54349 54350
54717 54718
54740 54741
54863 54864
55368 55369
56012 56013
56439 56440
56577 56578
56779 56780
56792 56793
56867 56868
56936 56937
57048 57049
57194 57195
57333 57334
57376 57377
57474 57475
57875 57876
59223 59224
59355 59356
59393 59394
59694 59695
59915 59916
60293 60294
60490 60491
61475 61476
61751 61752
61826 61827
61885 61886
62373 62374
62431 62432
62578 62579
62761 62762
62882 62883
62989 62990
63101 63102
63107 63108
63258 63259
63290 63291
63392 63393
63435 63436
63650 63651
63850 63851
64032 64033
64147 64148
64262 64263
64700 64701
65079 65080
65270 65271
65393 65394
65621 65622
65789 65790
65914 65915
65916 65917
66440 66441
66459 66460
66483 66484
66658 66659
66744 66745
67023 67024
67283 67284
67368 67369
67395 67396
67542 67543
67716 67717
67871 67872
68420 68421
68608 68609
68654 68655
68706 68707
68758 68759
69185 69186
69244 69245
69303 69304
69709 69710
69765 69766
69910 69911
69974 69975
70417 70418
70600 70601
70822 70823
70886 70887
71468 71469
72018 72019
72288 72289
72447 72448
72570 72571
72646 72647
72836 72837
72891 72892
72897 72898
72933 72934
73240 73241
73374 73375
73406 73407
73594 73595
73991 73992
74394 74395
74550 74551
75200 75201
75316 75317
75349 75350
75435 75436
75463 75464
75967 75968
75985 75986
76226 76227
76249 76250
76442 76443
76621 76622
76640 76641
76925 76926
76929 76930
77046 77047
77624 77625
77810 77811
77970 77971
78070 78071
78389 78390
78685 78686
78750 78751
78768 78769
78834 78835
79036 79037
79187 79188
79467 79468
79689 79690
79796 79797
79795 79798
80072 80073
80931 80932
81019 81020
81164 81165
81769 81770
81948 81949
82110 82111
82151 82152
82574 82575
82609 82610
82613 82614
82659 82660
82688 82689
82826 82827
83011 83012
83167 83168
83196 83197
83620 83621
83878 83879
84119 84120
84242 84243
84351 84352
84386 84387
84443 84444
84691 84692
84934 84935
85360 85361
85610 85611
86063 86064
86130 86131
86210 86211
86220 86221
86261 86262
86354 86355
86359 86360
86478 86479
86477 86480
87516 87517
88515 88516
88801 88802
88853 88854
89483 89484
89609 89610
89676 89677
89830 89831
90017 90018
90054 90055
90135 90136
90289 90290
90345 90346
90420 90421
90584 90585
90963 90964
90975 90976
91341 91342
91375 91376
91429 91430
91884 91885
91993 91994
92090 92091
92455 92456
92708 92709
92739 92740
93129 93130
93209 93210
93915 93916
94080 94081
94339 94340
94366 94367
94936 94937
94975 94976
95146 95147
95272 95273
95770 95771
95808 95809
96314 96315
96348 96349
96589 96590
96588 96591
96674 96675
96933 96934
96957 96958
96967 96968
97107 97108
97444 97445
97703 97704
97740 97741
97842 97843
98072 98073
98680 98681
98712 98713
99005 99006
99082 99083
99137 99138
99153 99154
99237 99238
99363 99364
99817 99818
99917 99918
100129 100130
100134 100135
100303 100304
100347 100348
100676 100677
101036 101037
102100 102101
102277 102278
102442 102443
102564 102565
102850 102851
103090 103091
103153 103154
103312 103313
103317 103318
103996 103997
104140 104141
104408 104409
104739 104740
105009 105010
105577 105578
105685 105686
105793 105794
105797 105798
105835 105836
105976 105977
106221 106222
106578 106579
106794 106795
106907 106908
106988 106989
107219 107220
107264 107265
107368 107369
107520 107521
107838 107839
108248 108249
108255 108256
108436 108437
109243 109244
109467 109468
109489 109490
109692 109693
109705 109706
109855 109856
109949 109950
110171 110172
110313 110314
110462 110463
110496 110497
110896 110897
110961 110962
111222 111223
111259 111260
111352 111353
111673 111674
112233 112234
112410 112411
112417 112418
112915 112916
112967 112968
113044 113045
113115 113116
113463 113464
114073 114074
114282 114283
114308 114309
114653 114654
114955 114956
115148 115149
115164 115165
115240 115241
115427 115428
115538 115539
115603 115604
115973 115974
116016 116017
116299 116300
116347 116348
116504 116505
116515 116516
117128 117129
117324 117325
117383 117384
117418 117419
117521 117522
117749 117750
118007 118008
118143 118144
118351 118352
118556 118557
119293 119294
119304 119305
119834 119835
119833 119836
119945 119946
119987 119988
120245 120246
120275 120276
120375 120376
120508 120509
120551 120552
120742 120743
120810 120811
121048 121049
121147 121148
121291 121292
121658 121659
121967 121968
122254 122255
122502 122503
122527 122528
122614 122615
122862 122863
123283 123284
123566 123567
123673 123674
123693 123694
123814 123815
124128 124129
124350 124351
124513 124514
124521 124522
124938 124939
124965 124966
125643 125644
125741 125742
125881 125882
126153 126154
126210 126211
127155 127156
127191 127192
127213 127214
127272 127273
127372 127373
127408 127409
127471 127472
127473 127474
127733 127734
128280 128281
128350 128351
128487 128488
128486 128489
128492 128493
128673 128674
128913 128914
129040 129041
129147 129148
129303 129304
129459 129460
129538 129539
129554 129555
129614 129615
130159 130160
130427 130428
130579 130580
130723 130724
130794 130795
131762 131763
131773 131774
131815 131816
132054 132055
132363 132364
132411 132412
132588 132589
132670 132671
132753 132754
133225 133226
133620 133621
133636 133637
133816 133817
134273 134274
134606 134607
135113 135114
135231 135232
135677 135678
136215 136216
136247 136248
136266 136267
136270 136271
136308 136309
136462 136463
136721 136722
137036 137037
137225 137226
137311 137312
137628 137629
137711 137712
137763 137764
137899 137900
138130 138131
138272 138273
138528 138529
138573 138574
138700 138701
138761 138762
138780 138781
139065 139066
139239 139240
139269 139270
139542 139543
139656 139657
139693 139694
139938 139939
140441 140442
140464 140465
140509 140510
140660 140661
140931 140932
141026 141027
141188 141189
141725 141726
141737 141738
141863 141864
142038 142039
142138 142139
142370 142371
142682 142683
142922 142923
143078 143079
143082 143083
143247 143248
143252 143253
143590 143591
143687 143688
143720 143721
143893 143894
143971 143972
144307 144308
144322 144323
144347 144348
144565 144566
144878 144879
145080 145081
145105 145106
146330 146331
146535 146536
146556 146557
146555 146558
146718 146719
146806 146807
147271 147272
147405 147406
147564 147565
147695 147696
147712 147713
147745 147746
148240 148241
148242 148243
148273 148274
148447 148448
148454 148455
148686 148687
148820 148821
149020 149021
149252 149253
149271 149272
149703 149704
149787 149788
150069 150070
150145 150146
150510 150511
150550 150551
150773 150774
150989 150990
151388 151389
151599 151600
152071 152072
152248 152249
152830 152831
153066 153067
153112 153113
153131 153132
153321 153322
153429 153430
153596 153597
153839 153840
153842 153843
154026 154027
154107 154108
154482 154483
154723 154724
154738 154739
154827 154828
154873 154874
154930 154931
154991 154992
155121 155122
155616 155617
155895 155896
156391 156392
156717 156718
156774 156775
156813 156814
156820 156821
157357 157358
157465 157466
157881 157882
158324 158325
158973 158974
159389 159390
159670 159671
159703 159704
159869 159870
159977 159978
160240 160241
160752 160753
161223 161224
161304 161305
161461 161462
161748 161749
161867 161868
161966 161967
162015 162016
162123 162124
162432 162433
162507 162508
162528 162529
162611 162612
162891 162892
162994 162995
163556 163557
163558 163559
163582 163583
163738 163739
164025 164026
164097 164098
164259 164260
164463 164464
164715 164716
164728 164729
164747 164748
165134 165135
165218 165219
165664 165665
165736 165737
165815 165816
165910 165911
166269 166270
166279 166280
166401 166402
166542 166543
166759 166760
167039 167040
167286 167287
167328 167329
167380 167381
167555 167556
167880 167881
168341 168342
168467 168468
169433 169434
169519 169520
169559 169560
169707 169708
170532 170533
170918 170919
171417 171418
171749 171750
171781 171782
171806 171807
172291 172292
172592 172593
172631 172632
172658 172659
173352 173353
173534 173535
173581 173582
173781 173782
173888 173889
174027 174028
174682 174683
175051 175052
175376 175377
175478 175479
176004 176005
176119 176120
176289 176290
176421 176422
176526 176527
176589 176590
176977 176978
177135 177136
177578 177579
178100 178101
178135 178136
178178 178179
178307 178308
178603 178604
178956 178957
179124 179125
179522 179523
179714 179715
180821 180822
180911 180912
180970 180971
181022 181023
181021 181024
181406 181407
182004 182005
182112 182113
182274 182275
182733 182734
182753 182754
183134 183135
183313 183314
183474 183475
183718 183719
183978 183979
184034 184035
184123 184124
184184 184185
184183 184186
184328 184329
184356 184357
184441 184442
184594 184595
184792 184793
185058 185059
185057 185060
185068 185069
185228 185229
185433 185434
185665 185666
186002 186003
186585 186586
186947 186948
187151 187152
187518 187519
187776 187777
187794 187795
187875 187876
187923 187924
187956 187957
188296 188297
188305 188306
188402 188403
188453 188454
188466 188467
188560 188561
188603 188604
188707 188708
188837 188838
188967 188968
189063 189064
189105 189106
189230 189231
189275 189276
189604 189605
190462 190463
190619 190620
190630 190631
190755 190756
191036 191037
191050 191051
191572 191573
191719 191720
191782 191783
192048 1
