494
865 866
295 296
628 629
542 543
208 209
632 633
698 699
691 692
116 117
266 267
909 910
415 416
191 192
322 323
399 400
469 470
319 320
457 458
719 720
715 716
347 348
120 121
822 823
226 227
4 5
193 194
301 302
357 358
515 516
487 488
182 183
995 996
497 498
207 210
143 144
223 224
884 885
883 886
568 569
992 993
737 738
490 491
453 454
769 770
803 804
656 657
771 772
981 982
882 887
765 766
923 924
922 925
459 460
931 932
717 718
714 721
317 318
475 476
384 385
779 780
839 840
876 877
727 728
837 838
637 638
636 639
890 891
280 281
43 44
305 306
762 763
646 647
645 648
979 980
978 983
936 937
796 797
668 669
252 253
314 315
171 172
495 496
750 751
860 861
328 329
412 413
345 346
892 893
961 962
386 387
521 522
390 391
773 774
810 811
809 812
74 75
682 683
579 580
851 852
709 710
330 331
216 217
663 664
417 418
855 856
424 425
23 24
22 25
836 841
827 828
687 688
686 689
190 195
906 907
374 375
373 376
321 324
427 428
775 776
29 30
526 527
953 954
83 84
794 795
793 798
327 332
206 211
205 212
970 971
739 740
943 944
335 336
768 777
675 676
165 166
908 911
666 667
125 126
897 898
383 388
382 389
228 229
713 722
270 271
142 145
21 26
130 131
958 959
566 567
947 948
248 249
607 608
349 350
344 351
871 872
414 419
82 85
510 511
509 512
508 513
602 603
960 963
957 964
536 537
246 247
695 696
694 697
939 940
86 87
480 481
479 482
591 592
326 333
820 821
148 149
819 824
197 198
156 157
155 158
119 122
55 56
920 921
465 466
245 250
557 558
559 560
556 561
221 222
949 950
167 168
448 449
127 128
440 441
813 814
308 309
307 310
304 311
225 230
132 133
129 134
124 135
123 136
118 137
917 918
282 283
97 98
583 584
582 585
325 334
916 919
174 175
173 176
170 177
846 847
291 292
581 586
342 343
341 352
340 353
339 354
624 625
461 462
456 463
455 464
243 244
361 362
39 40
541 544
801 802
551 552
550 553
756 757
6 7
3 8
570 571
799 800
988 989
942 945
92 93
108 109
379 380
934 935
313 316
312 337
189 196
642 643
641 644
640 649
528 529
525 530
11 12
613 614
303 338
71 72
218 219
446 447
445 450
899 900
941 946
938 951
619 620
423 426
680 681
264 265
1 2
106 107
834 835
833 842
103 104
90 91
89 94
105 110
66 67
749 752
534 535
912 913
905 914
965 966
956 967
65 68
829 830
826 831
825 832
818 843
817 844
706 707
420 421
411 422
626 627
623 630
622 631
484 485
955 968
693 700
492 493
275 276
213 214
204 215
857 858
904 915
549 554
575 576
201 202
200 203
236 237
235 238
234 239
650 651
289 290
154 159
153 160
754 755
477 478
10 13
604 605
601 606
240 241
635 652
867 868
806 807
523 524
520 531
255 256
742 743
741 744
736 745
735 746
734 747
733 748
272 273
998 999
262 263
261 268
612 615
815 816
808 845
397 398
396 401
393 394
784 785
111 112
53 54
598 599
473 474
114 115
703 704
702 705
701 708
690 711
231 232
378 381
864 869
895 896
894 901
889 902
888 903
587 588
621 634
618 653
617 654
548 555
547 562
597 600
753 758
732 759
540 545
678 679
665 670
662 671
661 672
88 95
409 410
501 502
862 863
674 677
402 403
395 404
392 405
377 406
372 407
371 408
370 429
369 430
927 928
596 609
77 78
300 355
299 356
298 359
593 594
590 595
233 242
220 251
363 364
786 787
783 788
782 789
781 790
151 152
61 62
60 63
59 64
660 673
435 436
434 437
433 438
859 870
854 873
52 57
729 730
285 286
100 101
99 102
96 113
500 503
499 504
494 505
489 506
288 293
287 294
767 778
764 791
761 792
546 563
539 564
538 565
150 161
655 658
616 659
611 684
610 685
284 297
279 360
278 365
986 987
985 990
984 991
977 994
976 997
975 1000
28 31
27 32
20 33
19 34
533 572
532 573
930 933
929 952
926 969
881 972
880 973
879 974
164 169
163 178
162 179
147 180
146 181
141 184
140 185
139 186
138 187
81 188
80 199
79 254
76 257
73 258
70 259
69 260
58 269
51 274
50 277
49 366
48 367
47 368
46 431
45 432
42 439
41 442
38 443
37 444
36 451
35 452
486 507
483 514
472 517
471 518
468 519
467 574
18 577
17 578
16 589
15 712
14 723
9 724
