0
0
0
0
0
0
0
0
0
0
0
0
0
0
0
0
0
0
0
0
0
0
0
0
0
0
0
0
0
0
0
0
0
0
0
0
0
0
0
0
0
0
0
0
0
0
0
0
0
0
0
0
0
0
0
0
0
0
0
0
0
0
0
0
0
0
0
0
0
0
0
0
0
0
0
0
1
0
0
0
2
0
0
0
0
0
1
0
0
0
0
0
0
0
0
0
0
1
0
0
0
0
0
0
0
0
0
0
0
0
0
0
0
0
0
0
0
0
0
0
0
0
0
0
0
0
0
0
0
0
0
0
0
0
0
0
2
0
0
0
0
0
0
0
0
0
0
0
0
0
1
1
0
0
0
0
0
0
0
0
0
2
0
0
0
0
0
0
0
0
0
0
0
0
0
0
1
0
0
0
0
0
0
0
0
0
0
0
0
1
1
0
0
0
0
0
0
0
0
0
0
0
0
0
0
0
0
0
0
0
0
0
0
1
0
0
1
0
0
0
0
0
0
0
0
0
1
1
0
1
0
0
0
0
1
0
0
0
0
0
0
0
3
0
2
0
0
0
0
0
0
0
0
0
0
0
0
0
0
0
0
0
0
0
1
0
0
1
0
0
0
0
0
3
0
1
2
0
0
3
0
0
1
0
0
0
0
0
0
0
1
1
1
0
0
0
0
0
0
0
0
0
0
1
0
0
0
0
0
0
1
0
0
2
0
0
1
0
0
1
5
0
0
0
0
2
1
0
1
0
0
2
0
0
0
0
0
0
2
3
0
0
1
0
0
1
1
0
1
0
1
0
0
0
0
0
0
0
0
0
0
0
3
0
0
0
0
0
0
0
-2
0
1
1
1
0
0
0
0
0
0
2
0
0
0
0
0
0
0
0
2
0
0
0
0
1
0
0
0
0
0
0
2
1
2
0
0
0
0
0
0
0
0
1
5
0
2
0
2
0
0
1
0
2
1
1
1
2
0
0
2
0
2
0
0
0
0
0
1
3
0
0
0
1
2
3
0
0
2
0
0
1
0
0
0
0
0
2
-2
0
0
0
0
0
0
0
0
0
3
0
0
0
0
0
0
0
0
0
1
0
0
0
0
0
0
0
0
0
0
0
0
0
0
7
0
0
0
0
2
0
0
1
0
1
0
1
0
4
1
0
0
0
0
0
2
1
0
1
0
0
0
0
0
0
6
2
0
0
0
5
0
1
0
1
1
1
0
0
0
0
0
1
1
0
3
1
0
0
4
5
3
0
0
0
3
0
1
0
0
1
0
0
0
3
0
0
2
0
1
0
0
2
0
0
0
0
13
0
0
1
0
2
0
0
0
0
0
3
0
0
1
0
2
2
0
0
0
0
4
1
0
7
6
1
2
0
2
0
0
4
1
0
0
0
0
0
0
7
0
0
0
4
0
0
0
0
0
0
1
0
0
0
0
0
0
0
0
0
1
0
0
2
0
6
2
0
0
1
7
0
0
0
0
0
2
0
0
0
5
1
0
0
0
3
0
0
6
0
0
12
0
0
0
1
0
0
0
0
0
0
0
0
0
4
0
0
0
0
7
0
0
2
1
0
0
0
3
0
0
0
0
0
0
1
11
0
0
1
1
1
0
0
0
0
0
2
4
1
2
0
0
4
0
8
0
0
0
0
4
0
0
0
2
0
0
2
0
2
0
1
0
0
0
0
0
1
1
0
0
0
4
0
0
1
0
0
0
0
0
0
2
2
0
0
0
0
0
0
4
0
4
0
0
4
-3
0
2
5
13
0
4
0
2
0
2
0
0
0
0
2
0
9
0
0
0
0
1
1
0
5
2
7
0
0
4
0
0
0
6
2
0
1
0
1
2
0
0
0
0
0
3
0
0
0
0
0
7
0
0
0
8
0
0
0
4
0
2
4
0
0
0
2
0
3
12
2
0
16
1
0
0
0
4
2
0
0
0
0
16
1
0
1
0
0
8
0
0
0
1
0
18
4
2
0
0
0
0
3
0
1
7
0
0
1
0
0
0
0
0
0
0
0
0
0
0
0
0
0
0
0
0
0
13
0
0
0
0
3
6
0
0
0
0
0
0
0
0
0
0
3
0
0
0
9
0
0
55
0
0
0
0
4
0
0
0
0
0
5
0
2
0
0
3
32
1
0
0
0
2
0
0
1
0
0
0
0
0
0
9
8
0
1
0
0
0
0
0
26
0
40
0
0
32
0
0
0
0
0
0
0
1
2
2
0
0
4
1
1
0
2
0
0
42
0
54
13
0
0
0
