1
1
2
1
33
218
563
0
2
28
213
677
20
2
254
119
0
27
13
80
2
9
101
42
171
8
533
5
30
18
179
155
9
38
63
180
21
5
83
1
50
107
15
5
251
23
20
531
2
34
531
7
196
6
220
11
52
573
79
79
76
332
220
484
450
186
39
25
261
11
16
59
11
282
0
110
286
247
56
40
26
55
41
0
7
42
286
38
76
26
93
16
1
0
31
169
0
112
6
154
23
72
2
184
0
192
17
2
427
801
14
4
2
5
1
4
90
4
192
8
72
134
619
68
2
223
5
72
28
20
109
83
0
81
125
7
30
30
53
114
259
7
311
166
298
205
243
466
85
251
152
23
392
0
816
124
89
0
22
86
149
3
481
572
0
8
26
11
198
3
2
317
5
703
1
205
307
34
143
296
173
438
0
0
30
21
108
158
67
59
11
0
90
3
0
13
491
139
375
79
150
12
0
43
121
81
291
69
22
11
8
50
68
0
2
106
47
46
695
173
74
24
26
89
589
453
4
94
197
2
51
95
102
3
10
0
7
44
104
0
25
67
354
32
407
4
14
135
3
36
435
88
376
89
18
12
114
61
154
50
6
181
529
40
554
191
383
24
7
5
56
111
1
18
8
102
19
100
111
10
146
59
22
332
0
21
34
17
65
849
13
35
249
252
8
27
20
27
0
769
49
38
27
13
0
4
23
392
5
0
6
46
36
129
6
39
66
0
34
41
65
27
0
14
57
5
251
67
14
0
208
36
12
67
67
333
317
58
203
101
39
250
613
2
16
9
0
74
45
193
0
81
149
10
209
6
3
2
57
23
20
184
87
20
5
12
56
6
94
316
88
24
576
54
355
1
9
52
37
561
528
338
5
226
0
34
71
197
104
10
11
1
8
4
22
15
37
14
3
157
13
2
671
562
128
104
0
54
167
15
106
136
0
7
26
211
307
246
155
234
3
112
381
155
386
0
29
276
115
157
121
10
9
240
10
29
10
416
46
37
154
3
74
81
190
62
91
2
45
102
98
14
147
16
192
331
0
341
647
166
228
84
147
169
524
24
148
88
115
296
0
295
0
1
63
410
7
102
394
597
50
21
31
47
51
5
219
60
21
210
146
1
210
135
232
113
4
13
77
14
0
107
384
226
74
6
8
45
517
99
408
134
0
26
21
20
175
467
22
0
200
13
115
20
829
271
0
121
157
437
97
576
6
1
42
304
29
23
12
77
461
3
4
32
5
96
2
17
288
116
281
19
515
59
41
192
0
126
49
345
79
357
145
5
44
4
547
257
205
260
358
256
283
101
139
271
214
94
5
553
67
106
7
91
170
58
235
39
136
4
14
584
180
54
2
0
1
0
295
66
0
5
616
446
55
227
18
62
298
199
6
106
56
8
4
40
658
272
6
591
47
118
182
4
0
12
56
671
1
17
102
158
159
81
544
168
5
350
162
260
12
3
251
175
2
0
184
19
620
30
42
21
57
291
6
523
100
32
157
32
143
278
0
160
110
438
135
19
118
135
113
241
41
1
34
105
236
31
1
28
0
1
327
51
5
19
485
35
6
31
241
6
196
0
38
36
432
16
1
8
215
75
21
8
21
11
0
10
16
40
69
169
53
704
90
18
143
6
78
682
636
72
160
0
2
25
3
136
322
337
26
6
317
359
104
2
28
359
195
23
80
3
32
86
3
0
136
2
25
908
53
2
31
32
138
305
151
2
198
417
137
531
40
58
2
282
41
139
107
33
8
215
288
200
2
306
22
65
12
0
1
48
667
1
56
282
9
0
190
18
118
19
212
771
13
134
88
230
23
33
82
28
29
28
29
221
32
12
24
31
127
531
103
1
0
13
1
47
597
72
6
0
12
11
5
6
466
44
8
159
40
523
715
7
358
25
0
0
99
6
628
423
2
39
0
91
196
16
243
14
3
163
563
380
1
22
62
315
529
43
2
434
298
141
472
0
1
333
3
93
2
6
21
0
11
244
13
360
8
17
507
66
25
115
0
105
134
8
117
56
494
40
25
20
2
19
232
46
0
179
0
53
0
83
130
238
0
5
235
5
136
141
44
475
73
186
260
17
0
170
383
15
1
82
6
140
3
2
273
366
79
118
6
124
0
14
80
142
84
356
61
0
12
6
17
163
1
162
117
0
313
69
38
60
343
1
6
51
393
12
38
14
110
533
11
229
142
88
60
624
0
5
52
290
0
5
271
36
75
25
50
8
178
5
1
266
692
37
2
161
0
236
88
15
446
57
128
35
0
39
