115
2
51
59
82
137
272
5
26
13
32
0
20
25
1
0
169
21
0
42
185
0
126
2
25
13
23
41
9
46
316
0
25
22
35
4
84
0
16
144
7
147
1
57
6
4
79
122
57
18
62
8
33
1
0
5
38
26
138
17
0
38
8
124
146
0
18
50
9
12
1
52
28
175
236
13
48
2
18
7
39
0
1
29
26
5
1
245
8
41
0
116
103
153
41
6
20
120
101
0
16
9
9
0
93
0
236
4
73
90
85
30
3
72
56
128
164
20
18
45
14
9
4
40
19
1
175
25
5
1
37
76
92
7
36
331
3
1
120
25
10
24
0
5
0
13
52
1
158
1
132
127
0
16
34
4
32
39
261
20
0
48
52
5
0
100
25
2
29
119
49
168
118
241
121
39
3
42
19
2
18
104
64
31
16
60
1
13
5
32
0
0
202
37
3
24
4
0
88
29
73
1
1
15
10
34
64
228
16
5
2
7
25
68
15
3
9
81
15
73
106
11
60
186
2
1
252
21
1
5
0
21
0
4
3
6
0
2
6
30
0
67
12
0
11
2
3
74
1
34
94
59
43
18
39
61
265
293
37
50
8
4
2
3
0
4
105
121
1
0
51
0
130
122
6
20
79
1
18
4
32
71
17
5
47
124
45
41
4
118
1
47
108
142
0
45
72
235
2
12
8
80
5
88
29
39
11
36
14
0
93
50
3
3
2
276
44
1
1
22
46
116
175
4
103
15
7
1
7
2
1
19
49
46
0
44
7
4
142
11
127
6
2
45
6
24
10
98
3
0
138
192
8
61
29
143
9
42
50
0
166
18
20
68
0
92
211
30
26
76
66
0
46
1
14
4
4
164
66
38
47
9
1
1
4
23
2
28
92
87
31
13
8
12
3
61
56
168
46
139
53
82
1
45
219
75
1
15
0
69
14
0
78
6
2
157
56
0
162
0
2
