1203
59
125
8320
229
1
2638
5522
2251
23
106
1338
8
77
37
14
292
5131
48
645
1461
646
1781
143
279
32
519
924
1780
0
1
65
2
4198
130
4330
7054
233
760
1271
4331
17
950
533
90
7743
7
1179
2649
4867
58
6641
6
21
3704
415
4760
153
125
73
50
5216
2357
4160
1862
2144
749
4379
6438
32
130
1
521
2823
268
16
2
433
30
320
280
629
6248
586
385
6635
231
9
2744
174
439
346
71
2060
46
170
134
846
82
1653
1692
79
396
4469
271
1352
54
612
4013
14
2751
2740
1053
1233
1076
95
27
1
22
1538
103
288
1364
482
4453
233
2058
2785
4
198
2044
3938
23
2619
881
3
937
2077
36
1129
252
190
3650
534
48
235
399
1378
363
2911
2152
1146
4
81
10
3725
151
975
0
32
200
7
551
2420
267
1928
10
328
208
4162
370
410
227
68
8
319
2259
3408
645
1541
73
1501
206
18
114
5
231
155
2460
5690
0
2288
646
47
4
360
1105
521
119
665
108
2855
202
756
29
1583
400
1892
631
1627
24
0
1988
985
275
404
4178
47
319
1647
4
18
159
199
762
882
212
2634
3517
556
2660
1
4947
52
3464
2078
5336
46
275
0
3782
319
1908
750
915
46
694
5612
2672
3637
173
537
1316
1606
2696
22
550
200
2
42
0
20
4368
121
185
1705
3899
860
1956
1412
881
1639
5
411
35
1230
1762
678
61
11
24
1322
2636
12
516
2632
45
407
336
113
589
83
4328
31
453
3680
5611
1739
808
2340
3352
1415
631
257
55
3379
3450
41
38
4976
1180
0
286
1973
34
24
502
92
44
603
150
605
83
345
3849
785
481
37
73
1471
216
330
80
973
18
100
2515
386
1335
2353
5568
445
1005
375
2803
952
1762
764
367
0
66
132
1951
84
91
187
2071
255
7
75
133
438
26
27
1167
772
1791
96
3
0
185
34
7484
93
3910
2564
3134
1291
702
301
269
264
2965
266
349
0
2681
231
6489
18
74
455
4346
6
1330
363
1444
2656
20
5906
3633
1396
161
748
828
281
543
3914
780
2084
269
2248
716
161
124
12
3850
1080
823
47
201
1219
2685
2594
173
0
1803
0
48
3973
585
13
2139
108
4854
4
0
1141
7
113
5102
0
96
8
26
322
7000
2199
409
770
547
408
198
527
176
124
1512
948
4330
193
7
1057
370
393
47
2607
1464
912
345
3153
154
29
68
2951
2272
1415
4
3830
1987
2898
2101
130
634
1621
701
70
19
4344
698
1249
4909
2361
3327
66
1166
714
1301
9
761
2487
18
7035
1875
1703
26
730
2702
3
5441
53
425
3062
2813
169
1396
6029
0
168
15
7126
2222
4868
56
501
4989
933
1119
122
14
884
836
0
2841
6325
1407
697
1514
1547
1
22
2096
689
4595
936
4444
553
20
3
2136
44
269
371
624
5160
94
274
1232
8
0
6
1643
957
7060
316
6114
579
232
26
103
89
606
4289
502
128
2262
1754
940
834
881
5
517
125
1779
1370
1260
190
3642
2009
3042
7095
2346
45
33
1186
422
242
5529
5951
121
1
0
4771
17
167
1549
493
32
4
2849
331
19
156
48
590
975
1310
2159
1608
8613
3
201
3076
140
62
100
99
6880
118
7
2376
573
3165
47
358
2909
12
1609
312
3514
15
362
1056
2822
3160
4641
1749
1387
26
49
4818
1659
3400
7795
1006
1603
692
1753
359
1909
1255
56
4
893
2815
509
209
1607
1
222
2945
979
84
483
352
3
18
37
2894
32
27
4280
4942
85
701
4048
1471
156
1142
646
2930
77
17
221
0
1361
1282
1207
3
297
805
68
0
62
116
2306
3555
237
7648
4586
557
19
2696
3784
0
237
233
1470
2117
2522
156
1966
331
2684
1476
274
1098
4
4
2138
125
586
145
9
2562
3632
2253
6622
157
3045
534
69
331
66
386
580
14
4
5
3562
15
714
1143
34
22
535
251
2600
2797
95
73
2059
189
1144
2455
78
858
6353
10
541
191
58
6
624
237
123
258
2
270
4476
3742
61
853
220
226
1528
346
2941
286
247
1372
6061
226
24
3892
555
2153
2356
5554
652
4494
3090
1098
5388
1598
1308
56
1520
1097
1887
173
0
370
1344
3094
622
2269
2382
206
834
1215
428
979
1660
352
79
254
263
4432
9876
7080
1446
252
107
0
1823
784
6448
947
1813
107
4
4035
2037
2167
3786
358
832
2923
1846
5227
614
480
640
755
1
1626
317
2919
1928
324
909
1229
1127
3976
22
4236
654
0
7108
5394
6
3
1759
88
3572
37
1982
4
2451
3187
42
8346
122
207
86
4296
4377
3088
271
94
714
1004
3955
2517
2060
869
57
90
1347
4238
7624
2531
6924
1
1150
340
1834
3342
319
181
353
709
5
516
679
39
1317
21
5
2187
1529
1467
4644
16
1366
1874
4630
1122
63
446
3635
2665
275
5095
1494
137
85
38
310
23
27
2920
12
1174
690
149
264
6010
293
7242
165
539
1422
3946
21
1089
4615
30
868
7174
3167
950
0
1689
86
302
1716
2594
487
1417
1119
1466
13
699
5168
5
4468
16
172
9
1132
0
1335
954
759
113
3558
3569
2321
2037
6
309
4
6474
1553
647
52
8589
1863
2170
802
992
2874
5217
499
1007
228
0
2677
432
59
1024
673
1591
56
182
21
396
7336
115
1
269
129
1811
360
745
323
2807
53
562
165
630
2162
1154
68
4733
2544
1470
552
34
294
207
498
472
6
6
819
662
3885
523
6715
4174
18
59
1775
2272
274
2262
1643
1969
87
4121
2506
666
4734
215
3006
6889
20
242
542
391
878
1422
951
41
6180
4
4629
389
2339
112
3484
8
684
758
1
581
244
661
1000
111
21
3287
720
6
63
48
3180
42
3264
1369
1034
2
90
3
4
851
1894
683
610
1
192
509
834
162
694
406
2686
2348
187
1816
2
945
82
2121
881
2777
86
5
2
176
777
366
3057
603
1412
1532
2088
1003
1019
44
50
55
1865
573
5434
16
687
1092
40
4900
1559
4192
494
2102
1793
1152
5559
0
340
110
4073
2
531
1308
469
2890
3795
2120
320
398
728
1136
96
2042
14
788
6958
1146
250
4115
1266
123
88
148
2241
121
2010
277
1514
1
41
208
365
127
54
884
2849
675
1229
869
4699
375
866
13
210
269
156
435
1435
406
2007
18
40
1556
3387
272
5
2521
22
467
368
415
386
258
36
444
5682
1722
2974
348
1487
3481
50
1407
40
744
25
161
2663
1038
807
480
282
1691
1903
526
156
7530
656
1158
3048
319
759
194
791
1820
171
2981
33
29
162
2944
12
293
6056
126
4
22
166
132
254
27
21
737
495
1974
5608
150
2238
30
38
174
2861
0
435
402
2436
828
519
1002
1015
4908
2135
856
0
4482
311
74
719
1045
1840
41
286
2707
3704
4657
1836
315
701
71
1549
4698
69
1450
589
190
1819
170
1754
2330
518
0
791
1126
224
1666
0
72
9
1329
3836
1693
321
2112
150
1698
197
1569
3
1218
49
688
62
3824
4905
1894
220
260
99
2374
133
27
1025
233
385
578
7611
23
119
121
1833
1265
0
258
7
2558
14
1351
2986
82
141
184
1563
1005
127
28
2421
115
448
2465
456
825
478
2108
1676
1364
51
430
26
806
328
939
149
2058
316
126
580
29
1756
18
222
4282
11
435
0
784
449
201
127
5400
33
13
3098
770
9
3938
820
15
1810
4274
260
1917
3066
1956
420
788
1
660
1457
363
2579
157
1097
501
2246
495
2110
670
626
6394
15
66
32
0
3258
157
486
2334
7
3730
965
51
2509
2
395
2749
15
548
1476
2002
1425
2369
4839
779
2926
1152
637
83
637
690
23
2095
28
808
2762
708
647
647
1572
331
7128
2024
1283
1295
540
994
77
8402
3141
9
4819
42
8470
277
1641
998
4400
57
3781
87
1435
0
2546
494
6469
6260
3856
1464
0
1477
0
687
2430
3704
2280
99
10
3507
3
4
17
1732
388
562
347
750
900
5104
251
924
1517
95
2377
162
1212
2285
27
1
224
5
562
201
4504
2058
13
62
8
10
112
48
1
804
242
75
29
1836
9080
33
763
88
1
3306
2552
2546
24
485
794
666
417
566
29
114
677
220
188
144
1893
520
50
295
939
87
2361
399
424
17
1802
128
358
3442
776
221
919
135
7862
458
609
1500
4545
672
116
172
2225
2027
1346
2371
780
31
166
4
82
661
6986
47
4667
1472
408
1586
140
204
3383
626
17
2652
503
7574
292
14
5
2605
157
720
1058
2410
7
34
881
172
2832
1367
2592
263
34
5
3703
1444
2154
2725
1419
1733
395
1575
2375
440
284
1
547
25
2350
0
999
129
209
219
1947
209
8575
707
55
1625
1406
1
2776
529
2687
1007
29
1795
1116
2139
2
696
5401
339
191
4614
1194
1061
577
1671
9
4925
1662
1024
234
5557
225
1181
6
2536
149
1269
231
613
1173
217
284
709
2680
1509
2136
481
17
416
581
1
584
382
3769
7415
40
33
623
262
7
2194
122
83
1214
348
2745
3267
6016
26
1971
2600
89
313
308
93
220
157
65
77
1455
432
4171
4149
2
3044
4482
45
47
3018
43
3441
11
3096
111
5788
661
760
570
5517
17
337
105
5
1569
261
67
29
222
2763
35
74
1098
8
3687
1570
1308
430
2136
1080
93
5
118
2592
261
1529
532
10
725
32
432
942
806
4
434
367
3466
785
3
434
6
800
1659
5
8
211
378
845
16
10
6702
965
6
2639
355
61
2652
4014
1621
372
536
3553
2092
1798
2113
12
304
886
2808
2091
4372
5962
316
775
3
1461
431
1952
6
0
13
271
1775
1357
1583
8
206
3391
700
59
1750
2
632
1247
372
533
294
13
0
0
1449
204
74
295
37
3
1064
3638
278
88
126
1
180
453
111
1363
13
0
1478
634
683
2577
1653
4868
3538
2172
69
13
60
1451
9
3515
2610
27
2334
1089
435
18
517
8
39
4883
11
1693
31
1116
1252
286
464
1029
913
135
4053
31
2009
108
3
317
38
1142
552
0
590
269
2462
3727
1948
14
994
145
189
1514
151
203
29
5541
89
6
2573
1197
565
461
0
29
7132
96
13
3296
3
1764
2
2301
8
61
2
0
28
44
45
2738
16
1181
4814
394
26
168
82
0
411
1924
12
140
708
10
7738
60
81
986
1332
98
775
6
762
21
2962
0
923
1835
5
2062
129
2995
2014
830
118
496
7877
646
92
0
2479
6
4699
863
217
119
255
1175
11
2410
157
69
194
6434
7245
45
3622
2185
744
6409
343
6734
3223
0
264
8
6488
831
1179
197
189
179
1988
197
186
97
244
547
17
4773
764
348
655
390
680
8155
54
310
723
6167
3297
1331
650
2365
2691
1664
1888
130
358
407
3627
3079
9
289
1304
4930
49
309
6
900
1339
7
712
2831
28
3039
1110
3634
0
21
1513
2120
0
470
1233
1678
801
520
193
35
919
5661
2413
3738
2
1026
5345
1727
6147
516
323
204
64
1858
2512
3760
1895
1294
1840
1101
970
1506
1489
65
4720
32
190
1990
7570
165
7316
88
602
4525
1850
143
2141
707
3174
35
445
989
639
1829
702
561
712
138
2209
1598
2180
9896
3810
101
1479
356
2897
0
325
3895
680
3098
891
3176
386
5876
597
5645
55
55
1746
289
2554
80
0
2215
1231
188
258
871
51
932
135
7720
4232
1594
1118
465
252
70
860
767
1380
583
411
229
1632
13
1470
2455
2750
12
1080
1017
3
100
57
126
136
125
537
249
598
347
751
0
725
2
158
32
211
527
1355
19
768
96
8
126
17
125
151
589
1035
1384
2172
119
985
115
547
829
0
1333
2906
1343
4976
1821
28
222
4002
677
3342
340
2053
391
584
57
340
795
1352
564
11
507
29
5211
228
364
3817
1103
1488
1432
206
908
16
6
1214
1240
2222
5830
778
40
1397
2335
59
912
2480
2111
209
912
849
14
166
1839
3607
1046
5478
3452
81
3
469
866
279
3742
299
1200
70
298
101
484
2397
2728
1
625
6050
1372
569
1709
384
0
950
43
436
21
567
171
142
7391
178
10
331
60
1386
216
964
568
90
833
1920
1269
2836
127
4161
2908
2
3885
5677
4289
368
926
3976
388
390
1600
7
866
1657
4796
175
524
107
84
1448
267
528
87
6980
1803
118
3543
67
52
321
2213
1990
40
250
3469
183
137
259
115
155
73
40
5631
6365
107
1453
2259
1750
29
35
1
6
3563
2087
367
4
99
11
310
6555
663
3427
3
169
182
3575
70
92
1
445
851
146
3723
311
451
2996
1107
833
79
32
4222
478
100
2288
63
304
3675
41
855
61
2869
174
711
1713
823
229
3339
799
437
2652
396
3717
37
2337
483
39
1077
201
172
216
6
1910
4011
3283
121
1273
1
3254
140
3905
4033
81
89
1719
0
1771
2169
714
1147
3067
5
17
2058
1483
121
3835
125
19
1932
2476
177
1249
1370
996
41
4
1041
6124
255
3969
4566
1966
109
1706
670
2470
5
145
357
361
503
30
1764
198
1439
739
1826
1049
35
2045
550
38
211
82
647
1689
1
190
18
0
769
545
150
28
216
415
561
1901
0
129
1533
137
123
489
1271
760
74
469
3583
447
3013
2135
117
949
1310
182
149
2448
2601
561
232
1088
24
2567
849
0
51
2304
533
2376
2524
530
4501
59
2342
3620
156
1773
69
1
132
246
279
36
519
14
2839
2353
76
237
1224
681
920
2934
5551
1666
327
570
0
89
4029
39
4047
1603
10
11
1118
49
92
2612
1204
104
233
15
4298
569
853
249
2
331
244
102
2568
235
147
2113
104
54
492
2
6054
38
579
5143
680
1601
505
1337
1618
2642
85
131
481
106
4116
3749
2844
5
960
96
809
163
174
7
4511
187
721
18
4296
624
1
1834
895
2618
5956
363
1469
168
1839
5848
701
2309
1537
121
180
3983
91
196
2812
470
7
196
543
0
170
1
87
4
3366
5502
612
316
15
2161
520
1050
2523
79
2055
973
34
1099
214
1135
79
1897
40
91
2923
417
4734
472
431
296
90
425
1924
170
309
860
361
1769
22
2035
609
2928
56
281
6981
6160
4550
3868
60
875
789
2856
282
1395
36
15
2301
687
352
128
335
535
78
221
7334
462
196
271
40
0
1265
536
813
185
4146
3032
43
356
36
1300
23
952
78
87
605
2219
0
3202
93
4391
1762
951
227
430
112
737
62
0
2363
932
0
2944
5
1
4376
0
976
3064
3887
210
39
822
859
1
61
7
33
8976
1061
23
110
202
25
17
246
266
848
19
670
24
6736
5818
327
387
2622
15
276
2174
6220
179
2944
254
82
148
1815
228
3143
70
376
549
2132
393
6263
3656
182
210
743
1719
3051
425
1195
45
642
264
309
174
1061
58
1952
268
837
2
50
1554
1287
3
2904
1119
252
95
340
445
2499
532
31
614
1991
231
907
90
2562
2153
5505
43
184
924
4542
1942
8
2981
16
638
225
290
3234
414
26
449
5381
1389
182
1214
1811
1
17
1394
988
663
13
2172
416
5849
191
76
187
2678
27
4415
581
1091
48
13
6455
66
536
8779
368
106
10
228
519
595
220
4
1239
1332
355
655
1054
195
2978
784
970
451
4136
2403
3288
95
1223
6779
62
240
62
5340
227
112
274
1938
280
165
46
1334
526
6626
431
242
7577
79
170
542
229
473
825
872
2518
1265
109
181
17
2540
1222
2160
46
341
383
52
685
1378
1494
136
215
13
226
1972
2484
5391
378
236
1758
525
40
1899
730
93
6011
3787
885
2140
0
1906
103
3797
6
204
6177
16
4276
75
14
115
5319
2314
1033
574
255
7
97
634
1946
353
650
141
121
1
831
2025
8139
40
36
2737
224
255
365
250
819
2024
513
81
37
1223
4502
6
2180
2020
35
1609
1014
2783
178
5893
565
470
1052
388
1582
86
97
4
4
37
1165
3442
170
204
3420
34
2
129
0
471
36
950
1796
37
596
544
2
30
3558
10
214
3717
15
2822
2671
42
3895
722
878
897
992
972
1527
131
514
2810
1252
353
233
842
1326
85
103
5603
726
691
1269
598
3364
43
95
237
172
4338
161
728
3370
33
3442
470
1418
1060
115
23
0
495
2872
1717
6365
1
61
850
0
93
1957
573
12
8
1649
37
3808
1394
406
937
3
172
130
1042
4327
47
389
2033
8473
1914
1418
45
399
67
107
51
607
66
141
0
153
245
1736
80
1706
647
20
703
841
76
818
61
59
495
477
402
35
8732
4237
141
1454
4329
115
2015
1919
2090
19
89
230
247
7313
1635
1962
1782
1089
217
2170
98
1028
499
4660
37
3922
905
6
802
1673
1577
52
52
291
1661
27
310
29
1912
5290
413
233
1045
775
681
2715
375
1326
104
782
2162
61
1212
4517
1212
0
430
25
3171
3419
262
15
5889
4
2232
75
40
3
1422
243
1137
643
3023
1005
1886
153
367
5190
187
574
0
2285
801
0
154
916
524
997
1200
208
35
3238
515
3604
445
3233
4685
813
2802
24
2
2566
535
791
5862
88
1041
33
4342
2149
220
432
1896
161
131
2114
1036
1421
468
164
3700
2980
1
4136
8129
745
3321
2288
1694
1045
578
4582
5108
4352
1385
564
723
3089
59
69
564
24
2081
39
122
0
1785
5880
310
6
80
175
2259
2626
2944
125
0
9
89
296
1864
240
1306
43
2082
936
2000
4956
225
335
1864
271
28
1606
20
5425
332
2523
29
4242
0
1481
1097
6356
1362
606
245
5
51
3354
148
297
67
194
124
510
2886
2209
497
6873
553
312
1031
558
627
2
205
0
3217
204
5136
74
455
3414
335
291
1128
67
44
133
5162
322
154
28
4682
445
1306
1232
5
4003
3073
1169
151
171
17
621
3071
2197
6
46
21
1087
176
43
663
956
2225
130
905
3392
250
218
6043
53
729
729
95
2011
397
5662
831
789
840
1702
6
328
896
3339
1802
35
3389
12
6919
62
4603
227
6026
16
3133
327
4451
624
679
19
8
243
225
762
3261
6073
807
247
1019
2118
416
87
550
1023
109
1148
0
5
4895
1472
3823
1503
1033
1686
244
670
5
53
310
378
2955
3
3466
20
0
1330
177
64
6388
710
7087
75
761
419
2
3054
0
3251
480
44
4456
337
816
785
373
181
197
5
1253
509
4400
2951
17
830
4351
4867
46
1051
447
100
346
2024
3158
2636
18
5240
48
636
2200
4934
78
102
7533
514
302
0
73
419
4419
0
2093
18
1137
2352
1488
1099
147
1276
1169
178
14
260
2903
15
140
127
718
1130
1814
4389
10
524
183
188
269
581
114
415
2
65
947
941
1922
7218
206
18
372
3029
40
6563
502
21
1971
28
666
39
0
23
424
5
3195
65
20
333
233
333
6
2608
1365
1567
224
692
26
5
517
3068
2328
519
233
288
1818
1331
1347
53
5195
157
2318
9
7371
1860
1262
22
6104
25
672
1836
256
18
1756
1
2323
607
1322
1046
125
288
68
756
2180
1463
2505
2909
4284
3280
1219
91
36
135
625
4574
94
1462
1007
354
0
415
38
4189
2392
1
3522
4707
2422
627
2438
443
86
0
724
801
447
7876
175
111
163
3435
1591
896
1011
1147
142
1414
41
21
542
128
996
38
1
3
733
31
1629
181
23
123
1898
665
143
1141
392
0
5075
2494
21
200
766
420
497
1325
3459
1353
858
73
726
1247
8
4024
1692
643
4
2179
242
839
1087
20
153
2186
44
399
2978
322
412
3448
34
8
35
41
898
1305
2395
33
195
1
2243
215
93
2467
178
2590
2349
2483
23
4924
0
26
7660
17
6
32
536
8
153
47
370
6113
278
2169
3
69
651
1360
1119
463
7157
11
84
53
1024
3496
58
2604
1089
535
2646
2
44
1100
1839
1748
97
3357
31
32
971
721
5
1483
253
907
1544
446
548
60
2004
772
1167
1013
1484
7
896
2944
992
2116
521
0
1000
6609
1909
39
1117
889
1907
4180
2859
1
498
11
7106
18
267
1711
11
245
175
71
1601
169
172
173
4328
85
1846
418
193
5427
1
790
4083
3511
29
425
29
3
18
1
691
4
1
1024
442
955
201
906
598
17
5
4089
5614
8126
2333
701
2
6
4469
956
521
130
1285
949
1208
4
1014
61
3770
533
1116
1930
3774
68
85
1506
343
789
82
8
101
343
24
4282
238
2509
530
50
15
2776
22
62
1574
2
3869
2728
3839
131
992
5340
239
1
0
1614
39
18
638
20
4398
268
4434
1807
550
4417
5529
47
453
558
401
373
42
22
3351
23
4
5094
17
3601
143
516
1
2629
2393
20
8160
426
8988
474
2963
1386
1461
815
5751
1234
354
269
959
0
3054
90
126
3456
192
146
499
2172
0
5088
521
188
4
273
505
1071
1938
94
1413
2027
1560
51
1235
57
12
855
7936
5133
408
214
1846
3892
239
230
292
31
191
271
743
8
1390
576
959
118
3019
38
290
323
263
10
3740
372
181
7967
1512
643
465
3286
3720
558
11
66
514
0
1170
5
5
3611
2114
628
3088
171
4696
395
15
787
941
7
72
141
115
850
1
1138
118
4806
3527
2475
6
1582
56
2066
33
297
1020
293
602
1385
31
5022
260
484
78
1870
263
2035
101
6076
461
0
3966
304
59
37
207
227
115
35
94
12
454
557
2153
197
3104
421
870
1
1362
3416
23
169
1428
7244
1448
1265
13
4970
24
217
389
81
5397
0
21
481
5705
175
5870
503
337
604
285
1068
2967
289
962
49
2
77
1601
377
923
2117
5
0
684
36
442
1391
72
4486
7352
228
121
1770
315
1536
15
4917
2252
52
2414
445
57
453
66
163
394
2796
63
238
1469
14
6631
7250
1183
649
430
436
5
842
529
139
372
16
395
806
125
2116
5253
2330
93
189
5
457
76
263
1632
851
1051
290
18
654
135
3467
2184
111
3159
27
669
288
112
6519
248
2653
1760
1817
180
997
330
783
58
4
2107
497
3
1177
620
271
525
6950
97
4058
2175
129
2
3470
1
4
228
1
765
2
590
1040
27
855
5989
19
4886
377
1521
1198
828
469
387
152
3
1180
2821
7
2205
5269
1442
3719
1960
0
1195
1192
5983
32
2277
1575
5038
653
62
620
2526
1170
439
623
3408
964
243
1997
35
442
49
985
591
1668
904
716
1829
2
1195
4866
2067
1
188
39
1351
1226
1152
1530
4063
11
39
14
502
35
5052
64
547
2570
2489
490
452
4327
2396
641
98
22
353
7387
47
1773
429
3741
194
3569
1121
71
5484
143
1384
2362
31
1015
0
3516
1107
319
1114
60
1656
83
883
2407
245
4182
231
309
883
159
295
1585
106
794
827
3215
5066
524
757
4744
1425
741
117
9
434
1120
14
464
2607
1125
108
2617
51
2656
1858
2403
1132
233
4148
60
106
12
17
172
2093
3
52
1279
1443
62
44
0
5310
1642
894
20
365
85
712
499
9
1695
105
693
71
120
126
364
129
561
23
2
4393
442
2072
69
1199
910
1570
34
15
1041
19
3824
2108
2871
825
1196
255
96
566
2587
558
75
233
82
313
211
925
112
1400
259
398
240
251
4063
165
6743
108
1942
1255
758
720
41
100
28
1739
6072
745
1201
558
18
1287
1423
582
22
46
114
818
4663
2169
661
0
19
0
169
336
632
37
399
794
2
84
626
149
625
83
298
450
503
1820
848
138
129
8
4042
18
60
948
8324
601
1870
133
106
1461
807
6298
2564
1275
659
429
3728
2931
268
562
1634
3142
229
3549
7558
264
82
1
421
162
9
210
32
4922
820
805
44
795
25
3290
62
214
4290
700
167
1707
257
2432
10
4
57
6
2750
152
285
677
99
889
1126
159
25
515
5044
69
3109
635
801
3947
1782
5049
80
1
2004
4239
5792
162
5
37
313
1222
2943
2722
241
21
909
6150
482
132
659
142
4449
784
759
1527
34
98
1075
1170
282
6883
235
626
1047
692
3
990
550
7237
1629
4392
1388
45
3376
1416
53
44
888
1
857
1156
34
3846
49
696
904
4726
671
42
1456
5542
473
2262
513
1008
126
510
55
230
370
16
3922
1082
1286
4588
1263
4156
31
4432
131
49
1052
2029
1776
339
3
56
3110
60
86
400
303
1613
787
1934
2650
2031
1331
815
2288
1234
66
1315
2
1391
3002
51
539
133
1680
1166
2489
178
88
2940
348
342
58
631
2893
45
1059
3
2286
574
11
1566
17
3042
51
940
121
90
198
190
0
4
105
23
5211
11
896
1556
980
427
73
568
230
4250
358
1278
1388
0
900
17
257
15
69
2809
2194
186
202
228
1223
755
1127
1926
338
790
819
0
20
226
254
42
3229
7
216
1672
187
845
2280
231
321
91
5537
1008
117
274
908
1556
1314
397
2754
168
951
122
3555
1081
279
8
3653
606
1414
119
1445
5
1
454
2277
5462
36
8
4180
2554
3943
53
2234
10
325
56
22
2
729
267
316
1484
89
4336
36
5563
1281
528
3640
22
6468
39
78
90
33
3
418
0
130
108
91
0
1943
1455
561
1597
62
2209
2677
336
24
6
42
1947
144
383
581
99
2787
230
2031
134
1003
0
253
221
324
867
2189
3562
2865
1066
33
349
26
615
2936
73
69
270
1067
2817
292
650
2359
1031
344
301
5
8176
208
26
141
1196
2820
2033
1222
4117
977
1556
1
726
7156
5499
553
119
289
5702
4953
825
10
565
883
213
58
1849
147
1
277
856
9
535
518
104
98
2758
24
184
502
4019
8
51
225
1320
3904
441
65
3378
618
1554
2090
2889
3541
2416
208
0
1536
0
61
2924
502
5837
216
1883
1179
4922
116
6576
135
729
55
47
744
94
2216
251
3655
457
2572
298
122
75
2034
810
592
285
697
2250
3080
2
1004
14
112
0
18
2
1557
1242
1009
1750
141
70
39
284
528
3276
0
618
45
188
2106
124
7
25
405
30
6207
37
0
542
798
575
34
132
375
66
104
1137
108
3979
783
7
17
7
144
96
4
394
163
3702
468
117
1133
296
2993
399
43
23
612
1616
116
681
48
11
592
85
424
78
236
106
3361
428
4029
39
79
0
145
81
3546
664
562
389
922
971
6041
6
3061
816
335
60
0
336
4603
5627
563
54
118
778
7
9
666
226
62
10
385
4050
2415
1108
101
288
5
107
2294
705
1396
4057
945
44
1929
2142
256
60
2998
138
226
3360
216
52
486
892
4186
2201
62
1306
6
1275
2487
1212
8
423
1677
3734
788
55
237
593
247
0
623
950
1306
238
20
4
1261
1297
62
1
739
618
140
112
49
2703
3150
15
1778
170
302
566
577
72
21
1268
265
782
1687
3042
188
117
197
2997
10
3102
1469
4219
307
2130
450
761
6026
626
2182
21
306
859
24
2507
324
658
123
125
2011
1957
320
13
7
704
6
1976
1569
2
838
359
5248
321
1363
421
672
0
1034
1401
125
743
2047
2
658
693
811
4911
548
548
1234
52
244
2915
1304
66
4267
5750
545
416
202
249
343
144
583
126
1412
350
66
1454
1321
372
820
0
1853
991
1106
476
171
2413
24
226
292
190
864
3470
23
1623
2091
100
363
1203
15
1082
15
151
1767
583
6269
2354
944
794
1015
26
72
1802
601
4486
47
3558
72
856
904
2679
1275
563
381
11
14
2782
1985
721
1935
3
3103
25
894
1881
645
878
5153
3211
50
596
54
1052
958
20
770
1812
15
3
2293
400
145
771
36
57
1034
24
668
37
8081
2751
136
1513
159
133
1565
422
900
626
1014
375
7583
2243
467
2620
44
992
1926
81
280
1106
318
8
165
50
670
5309
392
3279
315
1930
460
1434
41
3
39
96
1503
926
235
1457
744
219
312
120
3207
315
1331
12
149
784
2582
75
12
3509
485
58
3369
544
91
3065
270
0
171
29
330
202
4
1153
2184
61
614
2076
107
83
1741
1230
2966
837
435
28
533
1516
160
299
381
910
0
4476
170
640
14
1042
1022
69
5921
4892
195
802
195
287
3351
1212
841
513
365
1
1004
198
155
7284
633
149
2952
443
1676
6760
768
30
505
1356
1877
388
6822
10
460
28
5703
347
532
28
41
2502
55
20
909
1050
63
663
139
433
1170
230
524
5004
1
1405
314
1352
229
444
21
89
3290
29
356
365
1136
2041
260
922
59
103
851
3905
260
283
20
178
2999
1339
103
2999
2384
1745
602
248
0
727
87
0
0
28
852
33
530
344
55
880
15
47
665
80
1755
436
49
4157
303
171
103
2
1013
69
1977
246
22
1423
2387
149
6239
1762
996
390
2305
258
75
367
467
1859
804
1
5693
4202
2
191
2
570
3346
194
2619
311
3292
1468
554
72
197
59
1554
1187
1015
33
491
30
2467
1185
917
5051
645
285
20
11
1347
225
73
232
116
3171
560
2221
1436
108
360
17
2862
2101
654
704
93
8252
4321
8
55
93
1342
1594
1579
124
54
89
2190
7430
2110
2667
439
998
355
15
329
154
0
739
0
1371
55
7533
68
308
600
31
12
862
3917
0
0
2502
143
789
4510
3444
196
454
256
1962
17
1470
5810
1298
3152
1852
4
407
20
4
586
1132
6584
467
312
3047
2983
406
8855
299
546
954
1242
6
810
23
453
1575
1048
54
3254
3278
805
361
0
3257
1909
10
3
0
131
1087
247
16
2248
64
1
93
111
1029
4
399
1
600
4
4131
783
771
670
2142
357
5820
428
52
1082
527
12
3788
351
588
116
641
5514
155
3521
60
1621
693
4270
222
941
1467
324
1986
326
7081
591
2209
267
3082
56
5906
997
333
1479
444
341
906
3365
1355
7091
84
30
513
1443
1912
10
1648
3761
5
0
273
2018
285
11
29
75
3480
1216
249
3475
7
128
1126
0
674
611
0
1
2258
88
390
962
244
44
749
0
133
1659
1520
2700
100
219
865
940
36
1842
990
2637
19
1
33
693
37
91
5554
5
1460
6
254
6060
552
306
2
841
426
117
44
2711
2133
2765
388
0
2984
2
3376
740
4133
1545
2580
708
3169
1266
39
328
2435
481
523
851
2138
18
2584
34
750
263
5017
265
33
348
420
18
26
34
1091
85
444
49
12
54
89
1495
5161
2396
1017
164
364
26
153
1803
85
2669
255
1830
3501
12
83
234
212
1820
1157
25
1660
76
2947
192
109
2525
10
1670
562
432
2824
405
55
1
5
2920
2253
907
623
1162
644
229
256
6120
2572
2808
206
2354
132
5089
4454
208
4
23
4890
6848
62
4941
701
829
219
4
366
3961
4830
4
3893
83
73
146
5800
1750
3329
2605
1301
2601
3238
463
433
587
22
502
1427
7879
1939
1182
27
2515
698
1310
22
14
4117
247
4145
5175
263
639
1198
2206
2139
1657
1746
379
128
1129
486
6030
3007
5568
18
653
250
249
1413
195
347
44
321
828
1024
1301
1388
111
1123
0
3
115
0
1562
541
1180
3248
1141
5
616
1996
2187
39
867
1190
150
2623
6439
186
292
2607
93
104
7
0
92
189
35
159
367
1983
9658
1754
8307
3954
16
300
107
412
1557
2037
1359
379
91
110
8
607
457
203
881
1886
1655
1046
970
0
237
926
412
5694
13
290
255
1158
21
5263
1671
1052
1073
60
4
4
234
0
261
36
360
197
287
544
495
124
397
786
812
231
7220
3
1094
3512
898
345
500
3368
158
53
2045
386
174
4525
118
6504
497
421
1005
2746
6
615
4131
1376
1081
99
308
1514
109
871
334
2
3121
48
577
39
126
770
186
2164
11
32
8
4
962
227
1744
129
109
343
2967
409
63
112
4867
1770
160
6151
722
3065
7114
0
5
9288
96
365
2172
655
937
917
119
2051
561
634
5426
5675
1281
15
2264
2230
92
443
126
509
125
5060
0
309
3318
2768
3432
1578
412
148
12
165
12
556
4963
6662
595
258
2992
31
1378
3147
3517
109
700
35
142
6501
1656
3
1580
985
0
1476
23
750
389
162
1054
8810
650
194
614
162
238
1401
3748
424
914
0
1399
48
18
752
755
0
6324
41
1077
36
2070
5
2051
260
2645
817
1413
312
4560
594
2446
5159
640
1848
284
45
47
394
4643
465
1848
1
2928
2151
1534
16
12
157
3795
144
4
6
861
0
4029
710
1771
5436
471
20
42
38
233
5798
0
198
360
236
112
257
3730
0
259
1226
1032
97
59
4061
921
16
1
3413
21
3492
4073
96
0
848
333
1832
18
380
362
2949
38
220
812
627
551
1244
5975
433
359
4250
1211
969
29
383
215
158
1138
2
31
4193
17
6232
2363
1216
665
4
558
718
1584
806
930
29
5152
460
1128
1145
1960
467
1495
436
182
3208
8436
284
299
218
329
5644
1182
70
1513
350
102
784
2
195
81
1544
75
596
1752
597
1889
2031
295
511
24
436
1687
160
4722
292
7578
6353
207
579
871
1774
883
158
391
138
246
2762
28
1439
82
1480
489
21
276
2131
1737
64
24
813
271
44
1993
2019
1258
1361
2681
5851
3194
1127
4365
145
255
1776
1209
209
2000
473
1
1004
457
38
73
3
60
926
161
5008
46
581
116
130
56
0
2241
1262
1684
793
209
14
11
4
4366
3796
324
248
396
1123
735
578
3118
425
130
9443
2
10
288
619
732
299
547
2
5377
440
536
679
650
2264
421
662
638
1
3442
3766
1042
385
1081
7
121
424
1319
46
0
12
309
34
100
1602
663
168
268
1618
69
0
408
696
333
493
287
308
1624
0
3644
1025
94
1575
55
3755
104
57
17
113
197
481
15
6267
157
12
1053
2203
108
40
511
683
664
1250
2397
5668
278
643
44
824
1969
2994
279
793
1971
547
108
33
5459
2155
681
1859
42
36
259
1
4
431
1785
182
6215
19
32
163
4
1
1
4145
3484
93
1578
10
4161
799
105
2427
26
2758
4423
436
106
24
2607
21
383
386
199
248
79
88
59
835
7840
515
67
226
29
20
723
45
29
1
80
341
11
849
165
7
126
67
1863
2596
75
272
3325
166
1002
2432
4119
6
2509
1247
2109
353
4185
44
12
293
143
3
3228
154
1020
466
1269
510
3675
398
146
19
1578
1955
85
148
733
71
188
4884
1433
144
2588
2705
875
326
897
1515
15
1011
196
206
1630
977
415
42
11
92
848
1460
694
1037
0
2846
2318
9175
1
1387
1335
210
823
12
13
29
689
792
1088
471
10
2444
1130
387
617
6282
941
183
36
5549
12
166
4568
33
257
6035
139
162
915
792
2805
16
1507
4986
259
289
634
1689
463
1969
128
888
3788
1065
774
3405
850
25
94
273
461
4593
20
19
875
404
618
6570
2160
417
97
220
57
854
603
67
109
502
2393
397
509
150
924
91
3125
24
1115
8
91
707
2854
7861
1635
3512
15
234
171
75
110
1119
951
175
1227
1160
197
16
384
3769
20
3840
828
4
1659
941
4368
6
481
1380
1843
122
51
404
1776
141
976
1
6202
265
234
540
3167
95
179
64
53
81
291
5682
806
4
157
4199
132
111
2110
0
826
3608
602
1051
117
405
51
620
1631
8274
1297
682
2295
1003
1298
824
46
1923
1613
6523
175
910
2789
27
3331
1414
1788
1136
5294
1777
538
2820
101
1493
632
272
43
400
276
0
243
507
2115
2781
1341
25
669
790
1383
927
2389
8818
20
2108
1423
5011
251
873
728
12
3034
963
522
15
2080
238
9
67
11
263
1804
1051
2558
948
4413
288
3921
3553
954
1783
13
1740
1423
1218
169
17
3060
2845
3337
891
2
1319
92
4730
2963
5095
16
12
354
270
513
2694
1409
3
588
508
5341
58
259
485
1151
1039
345
1507
1836
1923
7582
1380
0
1112
0
6067
951
454
205
522
598
1636
2
852
325
3334
374
674
1616
16
369
506
2
83
4118
3
8416
1037
2111
0
3998
342
7632
1101
136
136
5030
1449
1967
1778
54
68
1587
158
1999
11
10
62
9
109
406
1812
425
552
248
19
2217
2422
588
0
985
105
2119
16
2930
608
453
458
78
2395
1
468
8
4041
104
4221
320
402
1232
4466
6751
782
413
100
1663
2200
3651
7041
1229
6818
1716
2
857
2613
2453
200
404
3310
1467
1389
199
3701
76
700
1291
1
285
7632
1015
742
200
5561
756
115
141
122
538
309
931
1292
4181
162
2792
5836
562
351
27
4646
3139
3084
48
164
913
13
169
2157
78
1034
3281
18
215
949
2040
429
1354
1048
27
280
190
926
2378
7867
3065
205
1383
57
71
276
2207
467
2961
1973
268
235
365
236
2561
2
869
149
50
1403
382
815
982
299
2671
1333
272
3132
15
237
404
94
719
614
142
798
1019
37
351
629
346
695
124
41
1266
1146
587
1068
5430
30
2277
4735
35
81
34
859
1205
8632
1061
0
863
938
1144
3770
51
743
1738
24
21
981
4820
934
3
1559
542
11
7
503
2524
1805
3
324
1240
55
3360
6
198
188
2006
84
460
1550
55
1440
4567
1014
1
161
403
644
745
296
724
1483
1012
810
24
32
25
320
408
217
663
270
101
37
270
736
2100
30
122
173
600
1114
30
60
67
3333
1484
803
2416
309
85
302
958
1163
236
538
41
225
109
220
120
686
153
1626
62
5519
4474
1710
6113
280
1184
1104
2883
2403
5455
144
285
593
1
1006
121
719
3076
759
74
931
577
756
0
453
1
23
263
128
4717
221
1399
1258
1114
2588
0
1718
956
2329
2299
2107
55
272
72
1153
1885
876
2121
1209
576
3614
5459
4
459
2676
1479
3546
198
697
330
1286
3723
42
6404
490
182
117
204
5302
3722
743
597
145
249
617
1225
6
2073
1127
81
76
157
335
2912
71
48
595
1487
2630
115
597
0
166
2793
560
2017
61
336
61
173
1252
11
27
5538
2855
248
0
1083
3787
521
3125
310
1374
1067
1407
4345
22
2749
3932
1845
1410
515
1532
2478
76
301
72
2577
150
61
2223
25
52
424
1097
4469
7626
35
7
678
4090
14
6078
3924
27
7
2783
4102
576
651
4291
2737
1605
87
186
1409
53
18
722
5
3866
76
3059
4169
108
2359
1164
152
3616
1630
2324
686
5
3054
5034
2288
718
147
3731
210
5
0
2551
37
1107
26
226
3940
317
1189
468
1727
4118
445
0
75
1895
9346
1409
1439
11
3853
2422
406
2346
1178
560
2
125
3356
2168
4004
1082
130
2080
1374
4644
4655
3279
5704
2462
1245
155
7886
52
2465
3
3441
0
1838
343
1003
119
306
875
11
1356
5
68
7509
3688
9
355
6845
1580
707
201
5005
368
231
84
396
8
2404
327
494
4499
1542
4051
86
3145
621
376
740
19
1677
9302
1632
805
140
17
5159
3067
131
69
1268
32
2629
1193
102
344
6
424
37
17
337
962
5914
1306
2959
4117
331
255
13
659
4425
1465
258
508
967
406
0
300
40
463
8498
1088
856
2
111
170
431
243
4013
286
1377
6
24
751
58
50
4
422
222
341
518
147
713
0
794
7182
1992
696
493
4236
31
10
310
3401
5
127
1
20
337
3530
1283
359
149
42
303
208
2580
6
42
599
6892
63
829
7494
2299
2404
56
203
2102
1275
1974
54
906
2642
895
53
3505
1504
5014
1297
317
5415
28
33
109
562
282
58
1
125
894
561
1245
1269
2
2758
2699
750
494
34
449
80
3442
1654
53
28
90
1
52
60
1019
5305
204
1916
27
5585
270
1697
155
22
158
58
0
742
3529
2334
11
1798
2456
3133
558
2
2897
3488
42
72
39
390
1
9
206
1508
1094
94
2162
660
3386
6853
567
79
1871
1438
604
80
190
2234
321
579
809
1312
207
98
171
709
184
636
74
8288
585
1050
3962
231
762
1055
1
4892
395
783
1638
6
857
2842
406
0
67
542
477
0
1300
7825
338
582
648
1145
397
1186
5717
6081
3503
5096
4285
1
534
5391
1283
1214
1394
61
1102
3954
230
65
1361
620
2642
176
453
9423
597
126
64
40
0
127
845
5368
22
5000
1684
95
28
98
3042
204
832
110
3686
12
35
178
171
21
1
828
438
37
317
785
2698
805
1525
1
44
1840
8
2172
198
73
2643
60
2138
78
1097
27
1202
42
212
879
0
31
642
6565
3401
23
4241
18
1050
133
3373
2404
1865
1479
5235
1467
1110
174
4384
1519
2941
3872
1846
2162
3766
309
28
128
199
90
2
1535
400
27
390
3268
263
468
1703
1
1654
46
449
92
5337
1941
12
2839
6615
28
1401
192
415
78
513
216
1060
633
449
15
163
1354
2035
85
1575
266
3389
1498
442
1827
4569
8359
24
1
1244
7113
5761
1647
219
765
327
5
1715
4529
568
1364
3893
0
61
77
96
87
15
6016
202
55
867
470
0
1267
142
23
262
51
996
331
2409
67
0
452
255
868
6628
453
20
2275
315
104
4262
2429
22
1393
1696
128
205
155
3258
1025
1809
240
3068
137
187
542
1525
471
689
3258
0
96
511
232
5239
264
132
650
3049
1491
425
3179
2090
634
85
150
55
752
863
380
266
356
1302
385
45
358
4661
4444
125
0
10
323
29
172
541
73
2180
319
327
302
963
597
0
299
100
4814
367
1261
44
2723
20
68
0
592
17
4
370
1144
267
9
461
2796
44
2679
5023
330
1018
178
451
147
6065
2
5353
471
533
1290
875
36
180
707
1039
10
13
5307
52
44
558
3953
737
3362
197
1028
2
29
8615
842
643
277
1342
590
200
980
65
496
3842
10
131
298
2640
5355
808
3155
53
2958
193
414
788
131
1044
0
5
2429
752
277
98
2513
69
0
1857
116
2039
10
11
3389
5040
238
24
339
0
2898
196
43
1026
161
2
1
18
274
164
1365
4256
2012
1281
212
1790
23
136
2111
756
2462
2854
139
3587
1846
23
256
427
411
202
2562
4578
157
454
3856
119
2137
196
22
3
2
1941
38
4267
71
3
92
3701
23
465
77
0
353
11
709
2236
5028
513
556
1659
2997
310
58
1692
5556
504
812
29
950
185
4864
455
26
485
2936
13
5446
197
1983
31
573
325
313
73
73
2
809
128
122
3349
16
159
1008
1361
6
1096
34
899
543
162
6358
7
2723
2503
4658
1922
2037
42
71
839
39
1438
340
855
2782
232
1642
3334
0
497
4311
944
228
86
142
5356
2225
2164
1687
177
4
584
3520
319
2372
16
4423
1239
307
232
229
217
855
549
1489
959
27
1576
83
155
421
4513
3191
3095
26
1595
159
55
2237
651
46
552
2
956
330
5130
524
3419
874
2240
338
1235
732
3048
798
1782
449
14
606
217
8
289
1474
310
20
3820
61
28
3081
33
1015
2121
36
4138
629
6096
68
106
0
38
862
522
2265
3659
192
549
108
900
141
192
2060
47
1620
269
327
88
5
30
7034
5
3857
174
116
2020
371
6305
851
202
6564
438
2857
1039
242
655
781
76
1156
787
2432
660
476
10
1253
1
52
77
657
866
4288
1953
545
2933
120
414
2793
780
41
1605
1163
294
727
6846
3212
874
1215
64
5023
10
1379
12
3037
257
175
287
157
57
397
560
3060
5694
872
739
13
392
167
2546
1065
282
25
22
1534
1313
2643
1831
267
5719
2355
1815
1
394
1338
897
2698
55
0
8113
1112
443
0
2438
1200
830
4605
3911
1081
38
278
102
5
905
747
2065
696
2169
867
76
2381
26
8722
0
136
43
6819
825
2041
148
2
0
4188
1512
1079
184
122
51
279
228
441
25
2
370
0
2
61
2095
2717
186
0
384
37
214
3578
134
5127
2
217
1135
4126
690
3460
3996
2
16
592
173
7796
61
1
33
1725
64
1544
437
842
329
6017
4316
465
89
44
599
856
52
1174
3584
286
170
2321
0
41
202
11
2878
66
707
549
7
28
0
3956
83
41
0
520
603
0
287
229
1743
2294
2916
4051
3
323
591
485
82
15
0
581
525
7943
172
37
4744
172
426
34
643
43
14
3360
101
1741
8
1467
126
972
69
217
3395
2790
7437
207
1262
4704
1269
7
523
37
2163
7
113
1442
44
2
4272
1172
2671
2337
8
327
1043
640
3530
3
731
6864
180
446
896
8116
25
2741
311
3427
865
743
14
370
2796
2642
1525
5883
325
5446
0
1036
4150
2760
2807
4
6428
0
1041
1502
1059
405
472
71
306
83
83
4
219
1442
128
2801
0
712
2172
27
220
942
227
91
63
1416
792
9
1470
231
1685
2
3592
1510
29
1085
948
109
151
636
83
583
5302
46
1562
1624
28
2302
1953
3588
4580
61
89
0
331
373
2034
503
2884
506
33
277
3
1889
1181
4
65
230
488
240
1898
2124
0
712
6
513
141
148
5568
1341
282
2360
459
685
80
36
3674
4665
1249
5
3
139
1633
471
230
2421
928
118
818
1881
30
658
4336
237
41
1
6
2
4413
2297
84
41
442
0
4676
626
454
2
4865
40
428
3683
718
3073
1655
184
269
1589
24
17
0
66
1054
9
1961
40
1097
148
5
1
193
1186
98
186
24
11
5487
3339
124
414
94
2035
807
677
13
1657
52
206
89
1819
381
1742
7
369
2364
225
2245
71
2900
4775
3529
4
5
2118
50
187
6
2641
3395
293
505
1033
863
143
3558
343
1038
280
4
1720
14
4103
0
115
720
294
777
36
322
645
1019
181
96
989
1373
1713
475
6218
5042
50
561
3121
4892
542
2193
808
674
1865
608
124
3029
887
3401
309
7060
4195
5455
7
6
16
5196
3714
1309
0
757
809
1
411
2413
3298
5332
544
1
254
6287
1212
1523
3292
265
30
634
318
747
122
802
2321
5283
400
2303
3
7
211
3
3636
918
1
116
185
34
831
327
6031
1
5
657
9
428
158
2405
2526
353
1491
2813
50
6767
4080
2350
3338
711
4532
657
8
803
1506
860
100
1754
31
1141
0
2068
4536
2012
45
92
1100
3986
634
3315
2110
6828
62
220
317
3419
2819
5477
8
3944
2148
3526
3
13
1827
36
12
869
877
254
173
232
357
32
767
244
129
4711
1643
5328
0
228
280
5511
2510
13
381
1573
450
537
6099
3598
6
1
4861
427
866
566
3139
2491
476
395
1072
993
4122
6
229
90
353
4
253
1868
35
53
279
76
104
759
1271
408
105
76
1516
342
74
105
17
3
146
242
480
16
3453
19
77
477
122
1746
2067
711
3365
691
838
3953
448
4808
19
2481
728
48
2663
658
2566
5475
72
614
118
740
8
795
463
16
1490
82
750
6553
1902
1077
1414
3942
840
92
2631
303
513
212
36
799
2285
514
1
3814
427
0
1052
0
4
66
675
60
1407
271
4
792
228
1765
228
4203
8
221
1180
24
861
33
13
4050
1467
12
63
657
432
1501
2853
109
13
1864
121
5042
1361
1122
1969
856
2333
247
3443
1247
15
574
325
6032
929
1868
3116
416
428
947
8
2020
942
1151
594
9
1931
2413
202
73
32
0
13
152
290
922
363
5109
1693
1855
108
6
3519
5187
1793
138
1
64
26
2003
233
3950
1311
549
62
402
3277
14
1621
663
390
1372
34
4899
642
292
1087
3779
4537
164
22
227
41
1386
3138
737
76
253
2644
192
2200
0
42
6700
65
1451
435
6
1265
1238
1007
0
170
2508
224
554
1103
769
1746
7081
481
581
6
5300
11
695
65
514
404
1
375
3673
1119
158
250
113
2216
173
722
137
246
101
20
154
337
1874
73
2850
1649
144
2558
207
1114
87
33
1831
3124
109
240
556
2559
4068
4736
776
2282
15
21
92
110
4270
346
27
1910
38
1306
1044
13
401
209
2129
198
2310
1191
29
2505
115
623
2224
425
1050
2012
5177
2679
1504
188
541
4678
30
922
734
688
5
2641
1154
621
5
2890
475
13
786
3833
3005
5
1824
2922
88
542
856
855
23
1268
688
7562
203
4018
5932
0
155
2993
138
3553
14
526
21
1031
37
178
5899
3
32
2171
185
916
261
613
2648
1
7893
471
47
7755
936
1956
1781
29
18
1893
503
324
2771
110
4678
27
584
1722
7120
316
88
11
2963
372
2228
174
326
825
1026
4768
1
124
476
618
821
1720
710
268
4288
432
4439
0
656
3614
204
3768
9
367
702
90
1724
3042
445
3383
500
67
212
372
29
8
481
705
434
256
485
378
3351
25
546
1239
294
250
79
16
526
455
70
5012
0
528
1
275
1102
2766
1706
171
2419
1668
69
4625
729
122
1425
1082
935
2178
2660
144
2143
11
11
446
72
580
228
51
666
5348
314
1910
1001
42
171
780
715
4893
4850
380
37
775
524
0
123
1754
1530
32
1122
3
621
547
52
2057
112
0
1
3633
12
3181
71
534
2187
257
0
924
96
218
3
732
1359
83
3327
6034
94
1882
1135
336
11
609
151
2507
5014
1800
326
281
20
0
3085
4110
108
416
4642
3747
2732
2620
2203
5463
222
128
3568
742
101
0
1
7545
1027
8518
4081
403
199
273
1637
5385
122
3872
214
1581
321
4646
7286
25
262
1138
798
108
561
499
27
292
203
579
2057
4624
932
1752
3204
2058
189
1
647
449
507
9
157
2143
1058
1
6134
150
1193
636
654
3
13
507
1638
4198
14
484
511
474
4231
104
697
4432
151
2680
3
140
712
48
8329
280
3255
26
2225
897
2507
754
3738
29
8960
3634
64
3
466
3331
8807
930
6
1
8417
864
181
182
67
2994
2671
81
394
2434
5815
793
2023
113
1169
139
3
549
31
1464
21
96
32
6469
312
2
3153
3396
115
3287
410
1691
618
1749
32
3500
172
437
2741
535
105
166
1825
3797
6
765
352
26
1747
1256
614
781
8287
568
1168
563
1777
3
984
159
4864
67
0
104
11
61
356
289
458
797
315
74
21
1028
327
54
341
1179
158
1398
239
931
656
1885
438
0
585
357
2352
44
5489
1006
1176
219
1280
13
62
1
993
92
4
248
774
86
0
8442
287
8847
1044
199
3416
1993
95
641
1211
0
2205
29
1815
183
197
9
1618
1389
21
2159
767
695
5938
87
1592
2763
163
4048
103
44
1051
142
2
84
1138
6422
99
666
953
256
441
1751
6810
23
181
0
467
3385
69
686
1540
1154
1009
276
1
1075
1679
341
358
2524
465
765
800
15
1634
7219
217
328
1157
524
401
191
7579
1744
136
1296
2583
6558
2
1395
0
4702
1075
1262
1250
17
1088
2041
998
1530
70
3109
209
219
178
0
4996
877
93
4810
157
4991
589
433
2788
6316
6894
4940
3772
428
39
3659
1
153
1566
4184
290
5301
4455
814
2538
81
6144
4769
106
378
589
504
7270
2097
3
282
545
522
1251
1924
7329
4077
4287
169
710
161
2325
8
294
125
706
5178
1201
7666
523
1154
3409
1407
182
691
10
6005
1176
1394
60
5717
53
30
445
965
193
292
438
12
1692
1906
7223
498
3
5844
107
3475
142
311
1692
2176
9
16
72
652
730
336
741
5274
1
677
664
1381
0
1796
1555
0
7278
556
1
523
7808
208
2919
286
889
966
274
90
260
1
2169
3819
4
172
1492
5
343
1835
4224
0
6836
1892
4256
4295
5045
80
561
13
686
786
1571
89
1058
768
4413
69
1218
130
27
993
989
33
33
1530
3
117
1776
3671
0
3111
6231
695
8
4884
0
223
1166
87
865
1292
1448
2277
5955
2908
6
7448
1005
474
144
633
9
74
149
1930
1173
1388
1397
2
2560
4869
322
15
3
1280
120
0
46
3079
846
544
3737
90
5409
121
10
137
56
128
306
2232
1601
3
8
77
130
710
28
24
1601
5276
463
232
143
186
285
3324
666
1
441
70
1301
428
312
480
140
2615
122
356
112
795
6361
690
812
2585
29
2841
925
367
23
531
32
80
232
360
26
1119
37
381
451
105
4676
6988
7
3313
3
2158
740
494
0
3736
33
428
3826
1286
1227
100
7
3186
1
150
0
54
16
1072
2398
1015
41
474
229
274
743
3043
3311
145
687
856
333
391
1460
340
1030
5205
6831
11
1015
4143
264
977
41
1608
5
352
4087
1601
692
120
161
500
5205
399
417
1934
11
4020
296
701
733
91
1257
2
925
56
532
4742
3403
48
220
198
2817
33
2969
