0
64
26
439
0
201
10
227
74
0
7
121
317
686
1
3
10
259
58
75
421
41
80
26
239
36
19
272
282
15
145
180
0
32
691
192
524
553
975
61
19
281
1
68
141
27
0
280
0
136
164
1
0
161
0
1
173
1
639
25
26
62
37
107
93
327
7
105
0
0
191
14
46
2
231
275
83
229
13
931
55
369
33
62
6
169
7
469
103
67
299
635
73
4
0
92
73
75
316
554
161
63
165
17
34
691
12
105
126
23
96
0
407
153
275
5
80
68
77
14
5
207
1
35
395
337
29
19
0
28
24
25
121
28
6
365
2
13
5
76
50
0
10
324
61
50
221
6
77
86
20
311
0
26
47
4
314
4
4
97
161
2
47
401
23
352
17
20
0
435
146
30
0
691
8
3
20
155
50
422
68
53
156
53
396
2
91
0
31
357
120
9
1
12
2
754
41
76
8
53
309
0
24
45
82
109
0
112
0
19
0
0
196
0
118
739
63
216
700
186
6
33
2
32
159
232
43
223
144
96
239
95
17
108
2
167
308
6
530
109
5
22
7
1
12
13
258
1
90
29
2
174
63
0
14
228
1
26
7
44
3
569
1
0
187
24
810
87
2
223
455
138
283
0
425
4
267
6
6
371
20
3
31
1
20
679
0
449
0
502
152
170
0
78
2
137
3
106
85
49
20
508
47
978
82
67
42
219
7
165
132
490
320
57
9
21
436
111
109
12
9
61
133
395
284
716
8
134
79
36
67
288
626
251
41
47
12
43
94
539
16
408
37
659
71
422
30
96
151
70
283
0
20
1
360
187
5
4
265
33
3
18
122
0
5
3
15
3
64
124
222
34
344
1
15
37
170
335
169
57
154
85
13
12
14
365
280
8
46
152
26
25
46
163
128
1
135
11
112
17
13
107
948
984
243
0
53
326
1
0
61
317
1
1
173
2
1
1
382
496
240
0
3
634
236
0
16
3
220
321
85
773
1
2
6
175
148
45
11
66
685
80
135
2
668
0
69
21
715
129
64
96
0
74
43
82
11
64
2
4
389
558
0
202
1
228
22
117
132
38
27
363
229
596
157
7
97
616
27
240
18
247
162
0
94
54
152
11
16
53
846
180
40
13
21
164
13
760
223
3
74
26
3
18
2
117
66
125
3
223
24
83
454
83
51
583
25
22
306
100
1
601
64
178
371
123
267
207
172
61
187
158
70
231
10
37
0
140
733
0
140
100
394
14
902
1131
22
160
770
184
6
17
742
413
308
7
731
256
107
33
50
707
4
146
41
152
38
113
4
10
0
7
266
212
208
39
160
48
7
5
76
586
70
22
45
0
95
156
0
7
8
59
9
435
374
35
0
25
21
12
5
292
37
907
17
7
348
1
148
1
790
14
436
43
27
0
4
0
17
0
222
384
197
41
83
576
53
21
27
83
16
79
11
29
8
0
207
91
88
18
345
116
581
2
87
127
178
9
2
335
60
185
2
207
37
54
569
0
0
96
400
62
5
411
33
0
63
121
88
53
53
78
54
469
226
30
90
9
897
94
5
3
136
145
19
104
67
39
384
42
68
680
2
312
2
4
413
10
503
135
280
0
415
63
95
51
10
0
18
0
384
604
152
578
875
22
134
81
243
627
19
65
459
29
44
270
12
177
1095
732
6
779
46
13
142
32
0
13
99
19
600
3
310
7
13
316
464
6
1046
1
3
2
106
7
377
189
9
1
368
493
18
88
0
326
702
749
3
14
72
195
59
13
0
116
37
425
597
37
174
2
59
151
710
235
56
2
106
7
384
5
458
39
329
80
18
7
250
60
17
10
227
118
61
5
4
247
79
328
72
405
114
151
0
2
234
6
1
3
0
0
13
356
419
150
811
31
125
328
8
455
71
65
0
44
10
6
101
662
6
226
1
205
80
33
534
22
215
86
0
366
102
171
74
437
251
3
115
45
106
170
69
25
798
69
263
383
345
49
324
514
131
11
0
528
0
320
21
144
8
100
0
12
254
484
17
12
9
0
24
0
232
54
449
98
0
253
1
1
354
474
24
57
5
1
23
155
368
6
219
53
154
1025
466
164
34
64
5
332
56
860
53
2
0
21
801
322
706
14
757
82
92
8
12
23
5
33
11
20
59
197
64
164
38
121
2
1
19
51
94
57
12
2
118
244
322
78
48
66
387
374
163
220
106
21
33
33
286
1065
155
440
234
53
21
173
324
658
9
23
34
45
19
567
290
92
692
205
65
55
38
5
18
53
34
28
20
27
175
132
102
12
24
17
370
123
113
3
122
679
394
97
42
161
495
520
490
1
11
3
17
3
12
26
27
38
255
13
109
20
187
248
12
555
583
131
12
4
860
10
35
163
464
3
135
179
246
629
463
32
89
185
58
193
38
182
27
340
60
28
174
564
48
88
110
613
138
0
28
191
325
97
5
34
0
376
52
6
227
78
58
60
35
77
8
122
1
79
380
182
1
6
42
173
707
72
5
30
68
95
49
372
1030
89
58
722
517
34
99
177
12
166
42
9
333
126
11
44
0
759
15
77
20
77
805
23
7
503
19
174
1
8
443
0
199
47
0
317
60
42
8
11
33
4
197
18
30
336
176
1
0
42
10
38
8
316
250
0
5
604
11
388
537
7
126
22
207
1
3
6
245
244
24
10
701
857
361
41
386
0
14
0
272
25
71
84
0
109
1
71
0
52
5
52
172
104
3
19
6
60
8
1
9
13
295
46
0
232
666
101
1
458
90
4
499
90
302
17
7
224
25
337
14
57
182
10
182
86
20
509
27
656
60
136
1036
167
