13
309
2096
2207
35
276
1415
371
1152
269
206
2270
3068
484
1565
153
16
1442
819
2369
356
81
207
2203
43
1
74
1269
408
1307
1178
575
7
66
69
1124
17
52
1986
315
574
2008
926
1840
889
175
261
776
543
831
56
2
128
105
789
14
7
45
674
380
727
1776
7
0
8
1182
33
81
3
259
799
1066
171
595
210
343
48
729
6
9
1829
59
83
1051
33
60
48
931
2590
237
13
1065
471
1457
456
10
96
768
138
27
699
21
397
1512
1272
6
75
29
6
53
123
34
1624
98
1140
1291
11
37
4
32
1854
1644
337
480
362
38
55
1
3017
5
2
801
49
387
651
928
2017
1247
145
1344
981
231
71
28
189
5
675
207
527
3
29
280
2
26
322
1090
8
53
600
429
8
10
6
1524
46
106
304
2157
54
162
431
701
107
1025
563
15
2323
427
88
3
73
1803
14
64
8
556
84
215
732
35
145
7
38
116
1891
316
160
287
14
140
580
7
9
0
0
0
2052
31
633
130
1260
605
8
1289
864
314
81
1168
962
129
99
164
321
6
38
1274
566
271
275
1757
0
3078
513
561
106
614
487
174
727
57
87
2
46
2014
892
1
261
0
77
1849
1631
272
746
1
83
90
79
1762
1121
60
46
2
87
131
567
564
226
13
3199
74
806
901
0
72
896
210
2
119
1235
171
10
501
1217
24
507
38
6
11
445
2491
312
957
502
97
20
214
203
729
33
742
201
0
1127
622
196
15
22
2373
18
735
4
1196
1711
38
28
1725
3
2
1650
47
29
58
3490
910
465
1154
14
343
642
64
1449
101
3
1895
2094
219
15
1549
535
1463
9
4
58
1884
4
143
58
0
88
720
792
694
1997
5
1290
104
2
237
1845
2254
175
254
89
62
99
1867
26
28
71
18
4
542
344
918
848
104
481
503
46
434
13
328
38
44
99
448
101
147
851
221
530
1741
747
323
1777
561
12
124
455
301
250
24
1113
407
94
457
963
223
0
6
237
2
57
1520
7
138
59
564
1615
735
9
33
312
14
712
295
1133
185
76
409
91
38
87
49
73
9
102
160
1942
1239
551
91
1840
3385
22
2
260
111
0
419
262
30
1178
86
79
159
222
82
281
18
187
391
108
741
2
1176
521
99
686
827
15
4
2299
691
443
442
17
3229
57
429
2684
313
1116
367
1002
37
0
68
1886
202
570
1103
5
87
181
408
772
1655
563
611
19
127
65
383
2082
760
325
1188
113
67
227
173
2
523
146
1040
809
1044
15
414
946
384
564
505
746
52
11
394
490
3020
64
1511
333
10
1443
0
272
1293
37
719
6
403
828
684
101
2
402
168
420
90
1720
94
294
43
1
197
3
746
172
44
921
19
105
1302
74
1083
1259
113
136
1216
446
1209
1395
208
54
308
7
280
68
2447
23
1
329
36
277
7
1881
1448
964
14
2631
450
18
159
22
234
1207
117
122
8
0
2
534
1858
24
75
53
1176
25
1379
439
268
593
19
1712
735
307
1468
0
224
630
409
219
1387
181
136
215
468
777
221
1379
76
351
754
400
8
34
100
196
168
36
872
4
33
1451
162
22
772
550
97
903
1654
165
5
54
2513
1827
104
1654
661
54
1148
99
254
935
79
1394
250
1614
66
3
124
31
1
186
38
178
2354
1072
120
13
232
11
205
2
3170
83
2206
23
585
832
547
13
119
837
1304
14
7
849
1754
1723
559
8
0
105
527
155
21
928
0
186
55
640
704
2714
318
93
10
642
69
1
24
46
219
787
187
1904
2431
654
159
12
1318
1
781
370
1817
2320
28
74
0
378
102
555
13
816
578
3
183
132
1034
1057
9
68
1121
1279
311
247
215
460
15
387
0
1800
355
758
255
401
33
133
1592
2291
8
135
1990
442
396
305
39
1490
45
13
1478
25
602
1071
621
0
297
604
2191
111
270
38
562
93
4
1910
650
36
28
120
147
2365
246
605
0
631
2219
2
41
2309
266
290
510
44
34
1590
2173
126
19
46
4
126
288
3
237
184
12
177
467
8
404
915
365
3
1109
112
51
2
114
385
3
49
1366
131
2648
18
628
9
270
87
552
502
918
555
1237
2069
702
34
2530
235
90
10
5
2304
1165
1
510
820
193
16
37
2783
1160
186
445
172
19
0
234
2393
914
229
893
375
319
130
1271
1331
190
1036
3031
609
454
213
1191
980
2074
607
171
543
123
0
3
781
843
47
40
61
1
6
667
1282
3
569
246
102
532
142
3017
2099
30
2
6
334
1331
508
1156
304
782
11
642
738
42
878
37
555
3
28
20
9
936
110
3030
993
904
715
519
100
58
346
300
39
285
145
299
3508
1934
13
844
6
38
91
189
8
216
325
1597
951
126
255
119
176
122
85
271
544
160
209
1000
159
902
776
17
706
241
347
4
2700
364
562
1727
801
43
127
257
0
1243
532
734
69
15
4
338
152
462
261
634
175
14
1015
132
248
2
2344
186
16
459
358
47
223
2135
395
647
393
946
19
1815
9
3
29
2
534
97
564
401
364
131
2
15
747
113
727
750
4024
1047
23
2425
15
16
53
78
63
195
509
61
0
3004
21
3359
2
72
1737
0
3561
54
238
982
66
551
57
12
87
13
213
2016
1308
238
66
412
164
1268
111
246
1515
19
6
1288
410
0
7
1077
29
677
194
2511
1599
1107
162
113
683
322
911
172
177
619
216
47
446
34
907
126
1520
266
351
586
0
1
1
893
2854
20
899
142
310
906
113
0
27
2729
2396
2765
4
25
1
417
136
1062
183
128
0
2
1537
2472
1545
144
1110
82
926
76
33
1587
349
49
532
466
208
0
206
196
262
42
2060
280
64
64
267
132
373
265
2881
702
127
281
29
0
63
894
2350
65
879
1
819
525
0
57
340
1837
54
551
20
157
892
774
15
837
1984
421
821
98
87
1493
117
218
51
6
185
187
408
694
105
20
145
675
1421
12
1174
548
53
2
107
695
2350
730
655
1073
440
211
3
62
1225
92
2599
902
256
0
56
677
3
7
5
1433
20
1446
14
512
35
115
444
1145
1987
1076
95
4
69
1181
147
162
587
891
2
219
1645
259
292
35
1874
243
717
425
191
791
491
837
141
156
734
91
2434
3570
1514
20
62
348
157
95
224
2876
658
1771
1368
1075
0
385
480
41
710
66
0
54
330
267
1
10
434
702
569
1996
1569
65
316
1162
240
576
353
561
406
560
849
728
60
2314
714
300
24
269
204
2419
102
6
610
272
550
407
125
1978
8
156
1115
6
133
483
792
353
128
142
748
393
624
6
904
207
592
0
18
349
565
47
319
906
1401
201
12
1532
390
541
12
1498
1772
919
137
92
910
15
1325
2146
144
217
723
1328
326
58
74
341
982
272
64
70
1959
878
495
386
229
20
1461
82
86
380
3
2577
302
3
0
1924
40
14
18
9
292
1788
402
546
134
344
5
1193
258
17
228
624
702
558
827
200
1303
736
1176
97
1018
7
101
77
0
1458
3
781
3596
1390
160
43
4
24
354
32
323
232
123
81
1
3
33
859
4
95
452
2
394
106
1327
64
4
135
0
80
200
43
302
220
634
12
26
35
0
704
20
1725
13
1098
97
290
114
2600
14
284
1
3
1739
3233
14
454
150
342
1418
507
0
80
320
1629
327
270
2220
456
3
9
0
732
2246
1246
193
333
671
805
1961
11
265
2814
374
51
1589
0
1225
1
0
1
1383
993
1
19
1746
134
770
792
24
55
1030
596
214
26
6
104
1
193
519
32
41
34
451
490
5
6
316
2437
30
115
36
169
350
11
435
3113
570
258
980
239
89
0
2800
548
11
131
1152
287
6
988
325
27
1970
30
507
55
56
1339
305
77
7
13
87
1487
1324
350
24
602
1512
442
51
0
71
4
483
396
46
112
0
15
15
78
2
12
1192
3
29
28
0
29
324
848
35
1
204
36
41
639
3
30
46
131
45
99
151
156
2731
806
238
2862
11
2879
3014
21
48
260
267
2024
940
50
1332
14
2999
514
5
0
121
5
785
786
1847
491
2
1032
198
12
1141
280
89
69
8
197
1
6
3226
37
55
9
365
5
2
24
3
42
463
1293
380
308
35
1201
474
2011
108
10
3
20
644
1
162
46
848
4
8
1819
18
524
80
539
5
1
39
257
1572
49
286
142
1655
134
782
1038
489
55
516
240
72
1335
337
62
175
37
174
697
142
19
4
292
204
2479
50
2080
284
1022
30
75
1927
764
204
0
432
18
179
703
11
1
315
136
140
82
2478
82
787
1
3650
701
3052
20
603
0
623
163
0
186
32
515
11
3201
8
524
26
982
2337
1
4
178
0
212
109
7
2544
204
221
15
8
19
160
1243
143
2054
323
49
1
4
277
1547
75
18
1229
2
1180
1432
1288
423
1401
206
21
463
166
181
915
287
1391
20
1812
186
1
861
4
399
147
37
114
146
422
528
183
87
4
359
349
555
0
1710
1034
1540
2428
616
275
1543
5
557
293
136
354
833
2162
2
122
25
276
12
64
2138
2
0
3213
52
7
468
215
54
71
940
1668
237
2
49
641
17
474
944
1546
36
208
11
1560
236
168
101
5
111
217
288
199
0
29
1244
428
615
421
126
658
1
413
231
224
43
401
222
368
979
216
152
312
218
126
751
12
720
4
9
645
57
1780
7
140
744
272
30
1511
412
552
539
3464
48
1203
422
4
572
64
1852
37
11
29
344
305
603
7
29
15
1722
11
189
422
361
200
1007
1961
735
1625
1076
979
0
2582
652
495
100
69
225
6
167
67
31
1667
2050
102
31
328
65
8
20
25
72
93
39
512
3
831
224
0
454
9
1200
4
2022
728
441
268
29
393
365
376
1148
292
37
244
1116
140
334
1224
61
1301
25
1612
4
64
1691
1218
6
1
308
425
458
653
0
2513
61
8
1973
0
111
38
825
775
1174
1398
2374
1254
532
517
1315
3
1159
24
772
400
1279
291
1080
66
1872
575
1575
2
15
1002
452
1130
224
67
599
1450
535
127
11
0
1818
229
448
7
866
309
305
3592
19
1361
143
310
103
15
3
1846
177
861
4
2795
346
393
1691
0
8
11
34
493
299
13
220
89
160
20
59
1
140
30
439
491
796
218
560
1673
122
1141
882
12
421
11
80
11
120
996
333
1468
251
96
51
5
183
12
274
105
38
238
13
42
1551
109
62
10
326
458
1530
627
91
4
43
1016
223
40
271
4
1665
25
232
59
649
28
102
660
367
182
346
14
153
1094
482
62
1539
12
46
24
721
145
1643
330
16
1150
50
50
1121
753
362
330
349
790
265
39
181
25
7
511
660
19
28
36
289
142
4
1369
310
174
1652
712
111
71
34
210
930
817
1
67
457
192
1660
1972
70
1330
0
60
1096
34
1920
1458
277
885
21
266
16
108
279
59
854
1378
189
106
1824
223
191
1531
7
226
5
380
7
143
1853
174
122
1
1430
28
12
14
1584
1431
2672
208
458
113
2090
0
193
35
364
15
97
1719
95
6
407
4
140
145
306
10
141
3
93
70
15
10
53
850
24
485
0
189
90
345
3004
4
714
8
683
284
118
1110
163
152
44
2619
148
35
1622
132
14
490
26
310
646
2
190
74
934
1047
101
4
0
270
784
421
29
89
716
12
59
88
1244
310
16
47
199
217
1322
35
3027
1714
1
290
1633
3
2276
11
795
165
629
7
7
226
475
261
405
156
0
216
2
399
988
137
29
256
35
1412
114
829
163
78
2162
0
171
1425
404
432
259
232
302
236
8
0
658
1076
438
113
128
569
10
343
1748
360
254
15
57
408
7
51
2
1287
26
101
837
524
4
706
158
81
609
518
8
1274
89
28
28
84
157
256
181
738
189
57
15
1018
719
54
164
2055
295
175
1423
78
653
216
12
1168
963
547
3600
964
688
1
35
278
223
368
339
45
393
239
527
326
51
195
200
35
12
157
692
420
1341
374
1192
292
541
333
0
59
238
26
5
336
5
745
114
261
636
159
747
51
2286
173
5
270
125
93
1805
956
1352
4
71
297
54
613
189
501
171
667
929
213
3
770
99
398
145
82
18
0
751
54
58
2
2383
1297
771
0
1879
60
1
145
23
65
100
675
1485
226
75
331
162
13
16
6
950
614
13
93
586
507
3826
31
197
9
331
18
484
897
23
15
173
2494
20
0
252
2449
7
11
47
5
170
52
22
2306
326
22
1945
37
24
271
0
125
358
11
741
75
1009
1788
1332
0
17
299
276
486
2
150
2002
3409
1269
52
130
86
300
15
228
522
309
51
890
556
384
2231
0
7
557
1472
2
409
161
1253
82
113
2
0
3044
728
17
1910
1719
20
438
52
2
258
2109
1254
829
0
2447
1483
79
1380
2279
649
80
174
1255
8
55
1482
884
234
35
6
3140
1395
849
2140
1690
283
739
233
37
17
1129
30
84
54
1623
89
287
851
54
403
2
633
2930
1516
43
10
586
2117
947
276
114
101
460
72
1471
38
201
321
378
33
42
1382
1124
1768
1
2
125
40
62
75
518
561
265
62
30
142
1191
17
215
113
417
194
35
2147
1027
473
254
2537
104
378
0
2
1533
2504
850
1485
688
188
745
0
337
1125
22
733
1245
0
378
1
8
503
166
2123
342
2061
2776
1585
322
0
3516
55
3807
326
811
639
109
1
592
87
29
107
173
25
145
314
21
4
205
981
725
1620
1358
538
514
133
591
251
710
618
17
5
184
2571
1
1173
35
1237
715
719
317
133
0
605
212
0
31
1
5
2
467
1401
45
143
257
361
1157
21
4
577
295
0
228
1081
0
359
539
297
3834
161
306
118
932
855
305
701
59
0
9
233
4
267
1189
0
157
377
3
550
1076
2
802
258
1231
3977
489
7
930
11
0
64
378
0
17
323
250
1420
2536
30
8
708
24
147
339
18
1063
327
20
689
3709
1996
259
170
11
11
171
1231
112
2062
1317
521
103
94
618
249
266
454
2316
5
531
777
940
377
272
2
70
555
854
274
1067
253
266
276
24
1200
41
1643
322
722
1140
6
67
554
1278
662
687
317
4
989
593
80
900
23
58
402
147
12
1644
33
13
0
2118
1285
130
47
31
134
893
24
23
3
1253
17
190
17
97
2
785
1077
632
495
23
308
218
1798
105
2
72
1949
75
0
1154
2949
220
651
59
428
241
7
873
64
362
478
1
105
2194
103
1
158
333
13
238
676
996
45
0
0
100
616
922
414
15
307
49
996
171
867
170
351
44
1269
0
618
75
323
1392
378
1
168
0
298
2101
1157
0
43
1046
307
70
1695
0
2659
2626
218
293
50
356
11
28
0
0
370
745
33
4
1
55
2374
1053
1088
31
789
88
56
916
492
261
66
1507
27
131
54
231
534
7
424
82
722
231
0
36
359
85
187
7
284
352
1
423
41
487
105
432
1
937
2842
1181
31
264
3715
155
1
9
1461
21
96
162
308
29
18
4
0
4
67
503
436
83
178
1150
44
275
280
3
0
2491
32
4
1728
2433
1426
227
462
2334
755
171
214
2
0
20
294
14
128
25
388
392
1197
2132
986
2746
1560
41
403
1
299
4
361
320
24
1181
1086
320
909
0
53
21
347
250
169
877
0
1137
1005
827
2
4
1715
522
1343
676
468
14
103
45
1454
60
72
881
157
525
37
2488
752
54
23
1816
2
66
259
324
873
1075
597
662
1054
52
32
344
1942
2674
0
19
119
473
1064
68
656
1
28
142
746
102
111
250
2036
262
466
9
214
1885
1836
28
68
857
0
0
54
1160
496
1
362
656
95
1346
122
10
693
1689
144
375
17
426
71
25
1146
63
110
130
36
46
15
82
1281
63
31
559
513
25
494
42
1
740
0
21
657
2
37
18
1887
2
131
1203
869
37
801
3617
121
3
20
865
13
433
0
238
2335
0
329
1234
736
80
51
435
109
326
302
555
153
7
18
6
0
1684
956
238
1472
85
314
1377
46
970
106
0
157
810
1090
0
44
0
101
146
0
1018
3640
94
558
809
31
200
92
648
8
270
1886
107
209
49
402
70
27
230
2484
194
91
21
1845
9
9
433
1436
1967
345
88
319
43
1812
267
957
253
286
285
40
417
8
749
1112
5
1903
2
1226
1182
536
19
86
1397
13
78
965
0
1859
1927
10
1169
9
3139
674
577
8
1
0
6
626
155
374
97
281
2019
24
374
248
493
73
41
174
886
22
103
81
301
19
546
1857
917
1742
506
0
49
1437
2477
367
1475
1979
149
153
82
187
3
2406
2150
1320
690
24
49
3417
65
22
1300
484
2560
1310
903
58
536
231
25
101
581
47
0
834
2
310
311
193
284
1522
2596
34
232
642
912
96
367
145
123
2506
10
434
181
517
288
427
471
857
989
648
18
112
463
90
1087
34
2758
41
747
654
451
289
997
838
72
1355
1
1972
1105
16
614
656
595
0
13
1325
301
19
1091
2526
12
1614
358
3485
242
1337
0
23
1031
116
591
327
232
216
696
516
0
38
870
6
507
23
3255
617
990
0
1
42
2
158
875
15
393
9
47
645
114
191
191
90
640
17
49
170
72
1486
0
3
47
43
28
186
49
95
148
817
92
46
0
1185
1144
456
458
1422
1
687
268
1506
90
636
0
254
107
0
2266
292
4
94
239
432
3269
23
576
89
1
607
125
376
9
13
49
715
19
222
2
3709
706
1012
329
172
2088
18
32
867
1353
253
1
1866
145
9
1
182
28
486
805
42
16
450
109
528
936
18
12
6
406
0
87
4
735
28
818
1026
329
40
298
289
1109
10
1804
40
1586
78
275
785
2171
217
14
193
208
581
51
45
8
135
318
2379
0
1017
237
794
1005
181
809
296
129
738
860
617
12
1884
882
235
662
80
675
104
166
776
1257
9
526
58
23
878
870
20
601
1049
310
59
3
433
83
11
235
745
150
78
16
2064
6
20
879
2356
169
35
372
835
119
366
1578
293
7
2329
74
117
385
1062
2075
85
2103
28
308
9
64
0
10
44
679
16
843
1131
257
11
1144
170
75
1773
714
1554
327
39
343
514
391
1528
800
2282
1303
468
266
2
172
174
19
48
2663
78
115
260
95
54
166
360
58
1340
13
108
11
440
910
25
526
218
15
232
699
1394
51
2
3068
154
652
247
175
19
12
178
1785
1577
171
189
582
214
1
1609
113
663
168
2352
198
515
921
341
178
328
1642
1916
138
190
1772
26
827
524
23
522
66
45
448
78
38
13
104
1053
1143
1405
86
1072
408
0
23
426
418
32
3223
1413
1013
39
17
1699
49
223
17
332
0
1346
2
88
7
202
345
1626
2531
2
145
1457
75
1116
90
89
2443
1
257
1009
136
2876
735
595
392
228
2827
92
4
375
125
529
130
925
0
3372
183
318
14
92
176
421
79
21
496
1000
224
92
23
5
1009
194
225
37
916
1783
0
10
1053
67
177
96
47
2
174
214
357
102
1343
4
804
16
25
3
597
888
817
1125
2115
909
2
875
784
238
2996
1651
7
612
22
201
30
411
933
235
168
918
1083
400
152
249
235
355
1880
912
455
330
1
614
166
1470
85
0
289
1223
168
40
49
336
647
196
13
218
99
93
39
90
827
205
1688
179
204
271
3083
2746
907
898
1072
739
403
49
823
41
977
113
51
245
257
350
15
2
1105
12
240
2372
0
456
357
1490
0
243
1789
1464
137
13
130
1507
0
1307
928
2015
1455
188
2956
1904
125
79
1261
244
998
1124
1137
171
2824
12
2684
2
1404
84
1162
467
50
292
1477
371
1449
601
1667
0
937
539
441
2
5
40
1850
1866
1192
1837
40
241
2561
1022
186
8
32
174
94
111
118
69
3081
403
3124
157
589
56
2196
3
239
507
1184
611
0
206
676
99
2816
1462
1
500
14
83
4
599
2060
1181
408
280
1668
1608
115
0
2486
600
8
1
297
98
5
159
0
1079
7
83
816
242
2380
2659
2009
3
0
820
0
237
1072
3197
2694
340
370
145
361
1169
1082
280
1
0
1065
440
0
202
350
258
1882
508
684
48
1387
324
15
812
104
14
37
24
26
53
176
1
720
313
1261
1
741
1087
50
2251
1
2
180
2228
2
29
0
0
74
0
2684
43
7
4
614
0
977
573
110
0
91
422
29
74
192
48
465
3
0
124
14
51
394
60
62
1439
1291
241
356
4
5
670
55
917
43
20
976
7
0
344
1264
1298
4
3160
239
69
484
2134
875
1006
546
0
4
23
1528
640
532
532
46
225
1009
2800
42
262
8
1275
43
148
0
174
77
2
2
186
420
256
180
730
688
1
19
35
1769
472
21
2886
1267
414
66
220
268
287
141
59
397
1034
1127
492
523
1280
22
330
202
1334
1040
853
28
18
138
57
1
0
61
86
229
8
20
7
27
18
303
77
0
1743
296
486
23
207
35
599
28
728
926
16
1558
175
1387
1736
129
75
2182
1095
44
463
181
58
3343
66
24
12
375
93
17
1688
79
418
36
171
998
1165
84
32
53
1010
29
67
1465
0
508
467
177
144
351
512
668
16
98
631
1380
38
